0 verbose cli /usr/local/bin/node /usr/local/bin/npm
1 info using npm@10.9.2
2 info using node@v22.17.1
3 silly config load:file:/usr/local/lib/node_modules/npm/npmrc
4 silly config load:file:/Users/vijayramireddy/Library/Caches/typescript/5.9/.npmrc
5 silly config load:file:/Users/vijayramireddy/.npmrc
6 silly config load:file:/usr/local/etc/npmrc
7 verbose title npm install @types/babel__core@ts5.9 @types/babel__preset-env@ts5.9 @types/bootstrap@ts5.9 @types/core-js@ts5.9 @types/crypto-js@ts5.9 @types/dateformat@ts5.9 @types/file-loader@ts5.9 @types/file-saver@ts5.9 @types/jquery@ts5.9 @types/react@ts5.9 @types/react-bootstrap-table-next@ts5.9 @types/react-bootstrap-table2-paginator@ts5.9 @types/react-bootstrap-table2-toolkit@ts5.9 @types/react-copy-to-clipboard@ts5.9 @types/react-dev-utils@ts5.9 @types/react-highlight-words@ts5.9 @types/react-html-parser@ts5.9 @types/react-modal@ts5.9 @types/react-outside-click-handler@ts5.9 @types/react-paginate@ts5.9 @types/react-redux@ts5.9 @types/react-s-alert@ts5.9 @types/react-slick@ts5.9 @types/react-transition-group@ts5.9 @types/slick-carousel@ts5.9 @types/styled-components@ts5.9 @types/mark.js@ts5.9 @types/npm@ts5.9
8 verbose argv "install" "--ignore-scripts" "@types/babel__core@ts5.9" "@types/babel__preset-env@ts5.9" "@types/bootstrap@ts5.9" "@types/core-js@ts5.9" "@types/crypto-js@ts5.9" "@types/dateformat@ts5.9" "@types/file-loader@ts5.9" "@types/file-saver@ts5.9" "@types/jquery@ts5.9" "@types/react@ts5.9" "@types/react-bootstrap-table-next@ts5.9" "@types/react-bootstrap-table2-paginator@ts5.9" "@types/react-bootstrap-table2-toolkit@ts5.9" "@types/react-copy-to-clipboard@ts5.9" "@types/react-dev-utils@ts5.9" "@types/react-highlight-words@ts5.9" "@types/react-html-parser@ts5.9" "@types/react-modal@ts5.9" "@types/react-outside-click-handler@ts5.9" "@types/react-paginate@ts5.9" "@types/react-redux@ts5.9" "@types/react-s-alert@ts5.9" "@types/react-slick@ts5.9" "@types/react-transition-group@ts5.9" "@types/slick-carousel@ts5.9" "@types/styled-components@ts5.9" "@types/mark.js@ts5.9" "@types/npm@ts5.9" "--save-dev" "--user-agent" "typesInstaller/5.9.2"
9 verbose logfile logs-max:10 dir:/Users/vijayramireddy/Downloads/mohan/.npm-cache/_logs/2026-02-13T06_56_31_714Z-
10 verbose logfile /Users/vijayramireddy/Downloads/mohan/.npm-cache/_logs/2026-02-13T06_56_31_714Z-debug-0.log
11 silly logfile done cleaning log files
12 silly packumentCache heap:4345298944 maxSize:1086324736 maxEntrySize:543162368
13 silly packumentCache corgi:https://registry.npmjs.org/@types%2fbabel__core cache-miss
14 silly packumentCache corgi:https://registry.npmjs.org/@types%2fbabel__preset-env cache-miss
15 silly packumentCache corgi:https://registry.npmjs.org/@types%2fbootstrap cache-miss
16 silly packumentCache corgi:https://registry.npmjs.org/@types%2fcore-js cache-miss
17 silly packumentCache corgi:https://registry.npmjs.org/@types%2fcrypto-js cache-miss
18 silly packumentCache corgi:https://registry.npmjs.org/@types%2fdateformat cache-miss
19 silly packumentCache corgi:https://registry.npmjs.org/@types%2ffile-loader cache-miss
20 silly packumentCache corgi:https://registry.npmjs.org/@types%2ffile-saver cache-miss
21 silly packumentCache corgi:https://registry.npmjs.org/@types%2fjquery cache-miss
22 silly packumentCache corgi:https://registry.npmjs.org/@types%2freact cache-miss
23 silly packumentCache corgi:https://registry.npmjs.org/@types%2freact-bootstrap-table-next cache-miss
24 silly packumentCache corgi:https://registry.npmjs.org/@types%2freact-bootstrap-table2-paginator cache-miss
25 silly packumentCache corgi:https://registry.npmjs.org/@types%2freact-bootstrap-table2-toolkit cache-miss
26 silly packumentCache corgi:https://registry.npmjs.org/@types%2freact-copy-to-clipboard cache-miss
27 silly packumentCache corgi:https://registry.npmjs.org/@types%2freact-dev-utils cache-miss
28 silly packumentCache corgi:https://registry.npmjs.org/@types%2freact-highlight-words cache-miss
29 silly packumentCache corgi:https://registry.npmjs.org/@types%2freact-html-parser cache-miss
30 silly packumentCache corgi:https://registry.npmjs.org/@types%2freact-modal cache-miss
31 silly packumentCache corgi:https://registry.npmjs.org/@types%2freact-outside-click-handler cache-miss
32 silly packumentCache corgi:https://registry.npmjs.org/@types%2freact-paginate cache-miss
33 silly packumentCache corgi:https://registry.npmjs.org/@types%2freact-redux cache-miss
34 silly packumentCache corgi:https://registry.npmjs.org/@types%2freact-s-alert cache-miss
35 silly packumentCache corgi:https://registry.npmjs.org/@types%2freact-slick cache-miss
36 silly packumentCache corgi:https://registry.npmjs.org/@types%2freact-transition-group cache-miss
37 silly packumentCache corgi:https://registry.npmjs.org/@types%2fslick-carousel cache-miss
38 silly packumentCache corgi:https://registry.npmjs.org/@types%2fstyled-components cache-miss
39 silly packumentCache corgi:https://registry.npmjs.org/@types%2fmark.js cache-miss
40 silly packumentCache corgi:https://registry.npmjs.org/@types%2fnpm cache-miss
41 http fetch GET 200 https://registry.npmjs.org/@types%2fbabel__preset-env 165ms (cache miss)
42 silly packumentCache corgi:https://registry.npmjs.org/@types%2fbabel__preset-env set size:undefined disposed:false
43 http fetch GET 200 https://registry.npmjs.org/@types%2fcrypto-js 166ms (cache miss)
44 silly packumentCache corgi:https://registry.npmjs.org/@types%2fcrypto-js set size:undefined disposed:false
45 http fetch GET 200 https://registry.npmjs.org/@types%2freact-dev-utils 169ms (cache miss)
46 silly packumentCache corgi:https://registry.npmjs.org/@types%2freact-dev-utils set size:undefined disposed:false
47 http fetch GET 200 https://registry.npmjs.org/@types%2fcore-js 189ms (cache miss)
48 silly packumentCache corgi:https://registry.npmjs.org/@types%2fcore-js set size:undefined disposed:false
49 http fetch GET 200 https://registry.npmjs.org/@types%2freact-copy-to-clipboard 198ms (cache miss)
50 silly packumentCache corgi:https://registry.npmjs.org/@types%2freact-copy-to-clipboard set size:undefined disposed:false
51 http fetch GET 200 https://registry.npmjs.org/@types%2ffile-saver 199ms (cache miss)
52 silly packumentCache corgi:https://registry.npmjs.org/@types%2ffile-saver set size:undefined disposed:false
53 http fetch GET 200 https://registry.npmjs.org/@types%2fjquery 200ms (cache miss)
54 silly packumentCache corgi:https://registry.npmjs.org/@types%2fjquery set size:undefined disposed:false
55 http fetch GET 200 https://registry.npmjs.org/@types%2freact 224ms (cache miss)
56 silly packumentCache corgi:https://registry.npmjs.org/@types%2freact set size:undefined disposed:false
57 http fetch GET 200 https://registry.npmjs.org/@types%2fbootstrap 226ms (cache miss)
58 silly packumentCache corgi:https://registry.npmjs.org/@types%2fbootstrap set size:undefined disposed:false
59 http fetch GET 200 https://registry.npmjs.org/@types%2freact-modal 226ms (cache miss)
60 silly packumentCache corgi:https://registry.npmjs.org/@types%2freact-modal set size:undefined disposed:false
61 http fetch GET 200 https://registry.npmjs.org/@types%2freact-paginate 271ms (cache miss)
62 silly packumentCache corgi:https://registry.npmjs.org/@types%2freact-paginate set size:undefined disposed:false
63 http fetch GET 200 https://registry.npmjs.org/@types%2fslick-carousel 298ms (cache miss)
64 silly packumentCache corgi:https://registry.npmjs.org/@types%2fslick-carousel set size:undefined disposed:false
65 http fetch GET 200 https://registry.npmjs.org/@types%2fstyled-components 347ms (cache miss)
66 silly packumentCache corgi:https://registry.npmjs.org/@types%2fstyled-components set size:undefined disposed:false
67 http fetch GET 200 https://registry.npmjs.org/@types%2fbabel__core 477ms (cache miss)
68 silly packumentCache corgi:https://registry.npmjs.org/@types%2fbabel__core set size:undefined disposed:false
69 http fetch GET 200 https://registry.npmjs.org/@types%2freact-highlight-words 501ms (cache miss)
70 silly packumentCache corgi:https://registry.npmjs.org/@types%2freact-highlight-words set size:undefined disposed:false
71 http fetch GET 200 https://registry.npmjs.org/@types%2freact-redux 529ms (cache miss)
72 silly packumentCache corgi:https://registry.npmjs.org/@types%2freact-redux set size:undefined disposed:false
73 http fetch GET 200 https://registry.npmjs.org/@types%2freact-transition-group 550ms (cache miss)
74 silly packumentCache corgi:https://registry.npmjs.org/@types%2freact-transition-group set size:undefined disposed:false
75 http fetch GET 200 https://registry.npmjs.org/@types%2freact-outside-click-handler 550ms (cache miss)
76 silly packumentCache corgi:https://registry.npmjs.org/@types%2freact-outside-click-handler set size:undefined disposed:false
77 http fetch GET 200 https://registry.npmjs.org/@types%2fnpm 694ms (cache miss)
78 silly packumentCache corgi:https://registry.npmjs.org/@types%2fnpm set size:undefined disposed:false
79 http fetch GET 200 https://registry.npmjs.org/@types%2ffile-loader 766ms (cache miss)
80 silly packumentCache corgi:https://registry.npmjs.org/@types%2ffile-loader set size:undefined disposed:false
81 http fetch GET 200 https://registry.npmjs.org/@types%2freact-html-parser 791ms (cache miss)
82 silly packumentCache corgi:https://registry.npmjs.org/@types%2freact-html-parser set size:undefined disposed:false
83 http fetch GET 200 https://registry.npmjs.org/@types%2freact-bootstrap-table2-paginator 819ms (cache miss)
84 silly packumentCache corgi:https://registry.npmjs.org/@types%2freact-bootstrap-table2-paginator set size:undefined disposed:false
85 http fetch GET 200 https://registry.npmjs.org/@types%2freact-bootstrap-table2-toolkit 879ms (cache miss)
86 silly packumentCache corgi:https://registry.npmjs.org/@types%2freact-bootstrap-table2-toolkit set size:undefined disposed:false
87 http fetch GET 200 https://registry.npmjs.org/@types%2freact-s-alert 920ms (cache miss)
88 silly packumentCache corgi:https://registry.npmjs.org/@types%2freact-s-alert set size:undefined disposed:false
89 http fetch GET 200 https://registry.npmjs.org/@types%2fmark.js 954ms (cache miss)
90 silly packumentCache corgi:https://registry.npmjs.org/@types%2fmark.js set size:undefined disposed:false
91 http fetch GET 200 https://registry.npmjs.org/@types%2freact-slick 1084ms (cache miss)
92 silly packumentCache corgi:https://registry.npmjs.org/@types%2freact-slick set size:undefined disposed:false
93 http fetch GET 200 https://registry.npmjs.org/@types%2freact-bootstrap-table-next 1338ms (cache miss)
94 silly packumentCache corgi:https://registry.npmjs.org/@types%2freact-bootstrap-table-next set size:undefined disposed:false
95 http fetch GET 200 https://registry.npmjs.org/@types%2fdateformat 1365ms (cache miss)
96 silly packumentCache corgi:https://registry.npmjs.org/@types%2fdateformat set size:undefined disposed:false
97 silly idealTree buildDeps
98 silly fetch manifest @types/react@19.2.14
99 silly packumentCache full:https://registry.npmjs.org/@types%2freact cache-miss
100 http fetch GET 200 https://registry.npmjs.org/@types%2freact 157ms (cache miss)
101 silly packumentCache full:https://registry.npmjs.org/@types%2freact set size:undefined disposed:false
102 silly fetch manifest @types/babel__preset-env@7.10.0
103 silly packumentCache full:https://registry.npmjs.org/@types%2fbabel__preset-env cache-miss
104 http fetch GET 200 https://registry.npmjs.org/@types%2fbabel__preset-env 64ms (cache miss)
105 silly packumentCache full:https://registry.npmjs.org/@types%2fbabel__preset-env set size:undefined disposed:false
106 silly fetch manifest @types/crypto-js@4.2.2
107 silly packumentCache full:https://registry.npmjs.org/@types%2fcrypto-js cache-miss
108 http fetch GET 200 https://registry.npmjs.org/@types%2fcrypto-js 78ms (cache miss)
109 silly packumentCache full:https://registry.npmjs.org/@types%2fcrypto-js set size:undefined disposed:false
110 silly fetch manifest @types/react-dev-utils@9.0.15
111 silly packumentCache full:https://registry.npmjs.org/@types%2freact-dev-utils cache-miss
112 http fetch GET 200 https://registry.npmjs.org/@types%2freact-dev-utils 635ms (cache miss)
113 silly packumentCache full:https://registry.npmjs.org/@types%2freact-dev-utils set size:undefined disposed:false
114 silly fetch manifest @types/core-js@2.5.8
115 silly packumentCache full:https://registry.npmjs.org/@types%2fcore-js cache-miss
116 http fetch GET 200 https://registry.npmjs.org/@types%2fcore-js 204ms (cache miss)
117 silly packumentCache full:https://registry.npmjs.org/@types%2fcore-js set size:undefined disposed:false
118 silly fetch manifest @types/react-copy-to-clipboard@5.0.7
119 silly packumentCache full:https://registry.npmjs.org/@types%2freact-copy-to-clipboard cache-miss
120 http fetch GET 200 https://registry.npmjs.org/@types%2freact-copy-to-clipboard 637ms (cache miss)
121 silly packumentCache full:https://registry.npmjs.org/@types%2freact-copy-to-clipboard set size:undefined disposed:false
122 silly fetch manifest @types/file-saver@2.0.7
123 silly packumentCache full:https://registry.npmjs.org/@types%2ffile-saver cache-miss
124 http fetch GET 200 https://registry.npmjs.org/@types%2ffile-saver 63ms (cache miss)
125 silly packumentCache full:https://registry.npmjs.org/@types%2ffile-saver set size:undefined disposed:false
126 silly fetch manifest @types/jquery@3.5.33
127 silly packumentCache full:https://registry.npmjs.org/@types%2fjquery cache-miss
128 http fetch GET 200 https://registry.npmjs.org/@types%2fjquery 82ms (cache miss)
129 silly packumentCache full:https://registry.npmjs.org/@types%2fjquery set size:undefined disposed:false
130 silly fetch manifest @types/bootstrap@5.2.10
131 silly packumentCache full:https://registry.npmjs.org/@types%2fbootstrap cache-miss
132 http fetch GET 200 https://registry.npmjs.org/@types%2fbootstrap 99ms (cache miss)
133 silly packumentCache full:https://registry.npmjs.org/@types%2fbootstrap set size:undefined disposed:false
134 silly fetch manifest @types/react-modal@3.16.3
135 silly packumentCache full:https://registry.npmjs.org/@types%2freact-modal cache-miss
136 http fetch GET 200 https://registry.npmjs.org/@types%2freact-modal 342ms (cache miss)
137 silly packumentCache full:https://registry.npmjs.org/@types%2freact-modal set size:undefined disposed:false
138 silly fetch manifest @types/react-paginate@7.1.4
139 silly packumentCache full:https://registry.npmjs.org/@types%2freact-paginate cache-miss
140 http fetch GET 200 https://registry.npmjs.org/@types%2freact-paginate 72ms (cache miss)
141 silly packumentCache full:https://registry.npmjs.org/@types%2freact-paginate set size:undefined disposed:false
142 silly fetch manifest @types/slick-carousel@1.6.40
143 silly packumentCache full:https://registry.npmjs.org/@types%2fslick-carousel cache-miss
144 http fetch GET 200 https://registry.npmjs.org/@types%2fslick-carousel 87ms (cache miss)
145 silly packumentCache full:https://registry.npmjs.org/@types%2fslick-carousel set size:undefined disposed:false
146 silly fetch manifest @types/styled-components@5.1.36
147 silly packumentCache full:https://registry.npmjs.org/@types%2fstyled-components cache-miss
148 http fetch GET 200 https://registry.npmjs.org/@types%2fstyled-components 859ms (cache miss)
149 silly packumentCache full:https://registry.npmjs.org/@types%2fstyled-components set size:undefined disposed:false
150 silly fetch manifest @types/babel__core@7.20.5
151 silly packumentCache full:https://registry.npmjs.org/@types%2fbabel__core cache-miss
152 http fetch GET 200 https://registry.npmjs.org/@types%2fbabel__core 49ms (cache miss)
153 silly packumentCache full:https://registry.npmjs.org/@types%2fbabel__core set size:undefined disposed:false
154 silly fetch manifest @types/react-highlight-words@0.20.1
155 silly packumentCache full:https://registry.npmjs.org/@types%2freact-highlight-words cache-miss
156 http fetch GET 200 https://registry.npmjs.org/@types%2freact-highlight-words 352ms (cache miss)
157 silly packumentCache full:https://registry.npmjs.org/@types%2freact-highlight-words set size:undefined disposed:false
158 silly fetch manifest @types/react-redux@7.1.34
159 silly packumentCache full:https://registry.npmjs.org/@types%2freact-redux cache-miss
160 http fetch GET 200 https://registry.npmjs.org/@types%2freact-redux 72ms (cache miss)
161 silly packumentCache full:https://registry.npmjs.org/@types%2freact-redux set size:undefined disposed:false
162 silly fetch manifest @types/react-transition-group@4.4.12
163 silly packumentCache full:https://registry.npmjs.org/@types%2freact-transition-group cache-miss
164 http fetch GET 200 https://registry.npmjs.org/@types%2freact-transition-group 45ms (cache miss)
165 silly packumentCache full:https://registry.npmjs.org/@types%2freact-transition-group set size:undefined disposed:false
166 silly fetch manifest @types/react-outside-click-handler@1.3.4
167 silly packumentCache full:https://registry.npmjs.org/@types%2freact-outside-click-handler cache-miss
168 http fetch GET 200 https://registry.npmjs.org/@types%2freact-outside-click-handler 352ms (cache miss)
169 silly packumentCache full:https://registry.npmjs.org/@types%2freact-outside-click-handler set size:undefined disposed:false
170 silly fetch manifest @types/npm@7.19.3
171 silly packumentCache full:https://registry.npmjs.org/@types%2fnpm cache-miss
172 http fetch GET 200 https://registry.npmjs.org/@types%2fnpm 346ms (cache miss)
173 silly packumentCache full:https://registry.npmjs.org/@types%2fnpm set size:undefined disposed:false
174 silly fetch manifest @types/file-loader@5.0.4
175 silly packumentCache full:https://registry.npmjs.org/@types%2ffile-loader cache-miss
176 http fetch GET 200 https://registry.npmjs.org/@types%2ffile-loader 1166ms (cache miss)
177 silly packumentCache full:https://registry.npmjs.org/@types%2ffile-loader set size:undefined disposed:false
178 silly fetch manifest @types/react-html-parser@2.0.7
179 silly packumentCache full:https://registry.npmjs.org/@types%2freact-html-parser cache-miss
180 http fetch GET 200 https://registry.npmjs.org/@types%2freact-html-parser 1185ms (cache miss)
181 silly packumentCache full:https://registry.npmjs.org/@types%2freact-html-parser set size:undefined disposed:false
182 silly fetch manifest @types/react-bootstrap-table2-paginator@2.1.6
183 silly packumentCache full:https://registry.npmjs.org/@types%2freact-bootstrap-table2-paginator cache-miss
184 http fetch GET 200 https://registry.npmjs.org/@types%2freact-bootstrap-table2-paginator 715ms (cache miss)
185 silly packumentCache full:https://registry.npmjs.org/@types%2freact-bootstrap-table2-paginator set size:undefined disposed:false
186 silly fetch manifest @types/react-bootstrap-table2-toolkit@2.1.14
187 silly packumentCache full:https://registry.npmjs.org/@types%2freact-bootstrap-table2-toolkit cache-miss
188 http fetch GET 200 https://registry.npmjs.org/@types%2freact-bootstrap-table2-toolkit 1280ms (cache miss)
189 silly packumentCache full:https://registry.npmjs.org/@types%2freact-bootstrap-table2-toolkit set size:undefined disposed:false
190 silly fetch manifest @types/react-s-alert@1.4.0
191 silly packumentCache full:https://registry.npmjs.org/@types%2freact-s-alert cache-miss
192 http fetch GET 200 https://registry.npmjs.org/@types%2freact-s-alert 594ms (cache miss)
193 silly packumentCache full:https://registry.npmjs.org/@types%2freact-s-alert set size:undefined disposed:false
194 silly fetch manifest @types/mark.js@8.11.12
195 silly packumentCache full:https://registry.npmjs.org/@types%2fmark.js cache-miss
196 http fetch GET 200 https://registry.npmjs.org/@types%2fmark.js 1285ms (cache miss)
197 silly packumentCache full:https://registry.npmjs.org/@types%2fmark.js set size:undefined disposed:false
198 silly fetch manifest @types/react-slick@0.23.13
199 silly packumentCache full:https://registry.npmjs.org/@types%2freact-slick cache-miss
200 http fetch GET 200 https://registry.npmjs.org/@types%2freact-slick 45ms (cache miss)
201 silly packumentCache full:https://registry.npmjs.org/@types%2freact-slick set size:undefined disposed:false
202 silly fetch manifest @types/react-bootstrap-table-next@4.0.26
203 silly packumentCache full:https://registry.npmjs.org/@types%2freact-bootstrap-table-next cache-miss
204 http fetch GET 200 https://registry.npmjs.org/@types%2freact-bootstrap-table-next 607ms (cache miss)
205 silly packumentCache full:https://registry.npmjs.org/@types%2freact-bootstrap-table-next set size:undefined disposed:false
206 silly fetch manifest @types/dateformat@5.0.3
207 silly packumentCache full:https://registry.npmjs.org/@types%2fdateformat cache-miss
208 http fetch GET 200 https://registry.npmjs.org/@types%2fdateformat 54ms (cache miss)
209 silly packumentCache full:https://registry.npmjs.org/@types%2fdateformat set size:undefined disposed:false
210 silly placeDep ROOT @types/babel__core@7.20.5 OK for:  want: 7.20.5
211 silly placeDep ROOT @types/babel__preset-env@7.10.0 OK for:  want: 7.10.0
212 silly placeDep ROOT @types/bootstrap@5.2.10 OK for:  want: 5.2.10
213 silly placeDep ROOT @types/core-js@2.5.8 OK for:  want: 2.5.8
214 silly placeDep ROOT @types/crypto-js@4.2.2 OK for:  want: 4.2.2
215 silly placeDep ROOT @types/dateformat@5.0.3 OK for:  want: 5.0.3
216 silly placeDep ROOT @types/file-loader@5.0.4 OK for:  want: 5.0.4
217 silly placeDep ROOT @types/file-saver@2.0.7 OK for:  want: 2.0.7
218 silly placeDep ROOT @types/jquery@3.5.33 OK for:  want: 3.5.33
219 silly placeDep ROOT @types/mark.js@8.11.12 OK for:  want: 8.11.12
220 silly placeDep ROOT @types/npm@7.19.3 OK for:  want: 7.19.3
221 silly placeDep ROOT @types/react@19.2.14 REPLACE for:  want: 19.2.14
222 silly placeDep ROOT @types/react-bootstrap-table-next@4.0.26 OK for:  want: 4.0.26
223 silly placeDep ROOT @types/react-bootstrap-table2-paginator@2.1.6 OK for:  want: 2.1.6
224 silly placeDep ROOT @types/react-bootstrap-table2-toolkit@2.1.14 OK for:  want: 2.1.14
225 silly placeDep ROOT @types/react-copy-to-clipboard@5.0.7 OK for:  want: 5.0.7
226 silly placeDep ROOT @types/react-dev-utils@9.0.15 OK for:  want: 9.0.15
227 silly placeDep ROOT @types/react-highlight-words@0.20.1 OK for:  want: 0.20.1
228 silly placeDep ROOT @types/react-html-parser@2.0.7 OK for:  want: 2.0.7
229 silly placeDep ROOT @types/react-modal@3.16.3 OK for:  want: 3.16.3
230 silly placeDep ROOT @types/react-outside-click-handler@1.3.4 OK for:  want: 1.3.4
231 silly placeDep ROOT @types/react-paginate@7.1.4 OK for:  want: 7.1.4
232 silly placeDep ROOT @types/react-redux@7.1.34 OK for:  want: 7.1.34
233 silly placeDep ROOT @types/react-s-alert@1.4.0 OK for:  want: 1.4.0
234 silly placeDep ROOT @types/react-slick@0.23.13 OK for:  want: 0.23.13
235 silly placeDep ROOT @types/react-transition-group@4.4.12 OK for:  want: 4.4.12
236 silly placeDep ROOT @types/slick-carousel@1.6.40 OK for:  want: 1.6.40
237 silly placeDep ROOT @types/styled-components@5.1.36 OK for:  want: 5.1.36
238 silly fetch manifest @babel/types@^7.20.7
239 silly packumentCache full:https://registry.npmjs.org/@babel%2ftypes cache-miss
240 silly fetch manifest @babel/parser@^7.20.7
241 silly packumentCache full:https://registry.npmjs.org/@babel%2fparser cache-miss
242 silly fetch manifest @types/babel__template@*
243 silly packumentCache full:https://registry.npmjs.org/@types%2fbabel__template cache-miss
244 silly fetch manifest @types/babel__traverse@*
245 silly packumentCache full:https://registry.npmjs.org/@types%2fbabel__traverse cache-miss
246 silly fetch manifest @types/babel__generator@*
247 silly packumentCache full:https://registry.npmjs.org/@types%2fbabel__generator cache-miss
248 silly fetch manifest @popperjs/core@^2.9.2
249 silly packumentCache full:https://registry.npmjs.org/@popperjs%2fcore cache-miss
250 silly fetch manifest @types/webpack@^4
251 silly packumentCache full:https://registry.npmjs.org/@types%2fwebpack cache-miss
252 silly fetch manifest @types/sizzle@*
253 silly packumentCache full:https://registry.npmjs.org/@types%2fsizzle cache-miss
254 silly fetch manifest @types/eslint@*
255 silly packumentCache full:https://registry.npmjs.org/@types%2feslint cache-miss
256 http fetch GET 200 https://registry.npmjs.org/@types%2fbabel__traverse 53ms (cache miss)
257 silly packumentCache full:https://registry.npmjs.org/@types%2fbabel__traverse set size:undefined disposed:false
258 silly fetch manifest @types/webpack@^4
259 silly packumentCache full:https://registry.npmjs.org/@types%2fwebpack cache-miss
260 http fetch GET 200 https://registry.npmjs.org/@babel%2ftypes 54ms (cache miss)
261 silly packumentCache full:https://registry.npmjs.org/@babel%2ftypes set size:undefined disposed:false
262 silly fetch manifest @types/webpack-dev-server@3
263 silly packumentCache full:https://registry.npmjs.org/@types%2fwebpack-dev-server cache-miss
264 http fetch GET 200 https://registry.npmjs.org/@types%2feslint 58ms (cache miss)
265 silly packumentCache full:https://registry.npmjs.org/@types%2feslint set size:undefined disposed:false
266 silly fetch manifest @types/html-webpack-plugin@*
267 silly packumentCache full:https://registry.npmjs.org/@types%2fhtml-webpack-plugin cache-miss
268 http fetch GET 200 https://registry.npmjs.org/@types%2fwebpack 61ms (cache miss)
269 silly packumentCache full:https://registry.npmjs.org/@types%2fwebpack set size:undefined disposed:false
270 silly fetch manifest @types/htmlparser2@^3.9.0
271 silly packumentCache full:https://registry.npmjs.org/@types%2fhtmlparser2 cache-miss
272 http fetch GET 200 https://registry.npmjs.org/@types%2fbabel__generator 66ms (cache miss)
273 silly packumentCache full:https://registry.npmjs.org/@types%2fbabel__generator set size:undefined disposed:false
274 silly fetch manifest redux@^4.0.0
275 silly packumentCache full:https://registry.npmjs.org/redux cache-miss
276 http fetch GET 200 https://registry.npmjs.org/@types%2fbabel__template 75ms (cache miss)
277 silly packumentCache full:https://registry.npmjs.org/@types%2fbabel__template set size:undefined disposed:false
278 silly fetch manifest hoist-non-react-statics@^3.3.0
279 silly packumentCache full:https://registry.npmjs.org/hoist-non-react-statics cache-miss
280 http fetch GET 200 https://registry.npmjs.org/@types%2fsizzle 75ms (cache miss)
281 silly packumentCache full:https://registry.npmjs.org/@types%2fsizzle set size:undefined disposed:false
282 silly fetch manifest @types/hoist-non-react-statics@^3.3.0
283 silly packumentCache full:https://registry.npmjs.org/@types%2fhoist-non-react-statics cache-miss
284 http fetch GET 200 https://registry.npmjs.org/@popperjs%2fcore 81ms (cache miss)
285 silly packumentCache full:https://registry.npmjs.org/@popperjs%2fcore set size:undefined disposed:false
286 silly fetch manifest @types/hoist-non-react-statics@*
287 silly packumentCache full:https://registry.npmjs.org/@types%2fhoist-non-react-statics cache-miss
288 http fetch GET 200 https://registry.npmjs.org/@babel%2fparser 85ms (cache miss)
289 silly packumentCache full:https://registry.npmjs.org/@babel%2fparser set size:undefined disposed:false
290 http fetch GET 200 https://registry.npmjs.org/@types%2fwebpack 60ms (cache miss)
291 silly packumentCache full:https://registry.npmjs.org/@types%2fwebpack set size:undefined disposed:false
292 http fetch GET 200 https://registry.npmjs.org/@types%2fhoist-non-react-statics 42ms (cache miss)
293 silly packumentCache full:https://registry.npmjs.org/@types%2fhoist-non-react-statics set size:undefined disposed:false
294 http fetch GET 200 https://registry.npmjs.org/hoist-non-react-statics 44ms (cache miss)
295 silly packumentCache full:https://registry.npmjs.org/hoist-non-react-statics set size:undefined disposed:false
296 http fetch GET 200 https://registry.npmjs.org/@types%2fhtml-webpack-plugin 59ms (cache miss)
297 silly packumentCache full:https://registry.npmjs.org/@types%2fhtml-webpack-plugin set size:undefined disposed:false
298 http fetch GET 200 https://registry.npmjs.org/redux 53ms (cache miss)
299 silly packumentCache full:https://registry.npmjs.org/redux set size:undefined disposed:false
300 http fetch GET 200 https://registry.npmjs.org/@types%2fhoist-non-react-statics 53ms (cache miss)
301 silly packumentCache full:https://registry.npmjs.org/@types%2fhoist-non-react-statics set size:undefined disposed:false
302 http fetch GET 200 https://registry.npmjs.org/@types%2fwebpack-dev-server 1130ms (cache miss)
303 silly packumentCache full:https://registry.npmjs.org/@types%2fwebpack-dev-server set size:undefined disposed:false
304 http fetch GET 200 https://registry.npmjs.org/@types%2fhtmlparser2 1243ms (cache miss)
305 silly packumentCache full:https://registry.npmjs.org/@types%2fhtmlparser2 set size:undefined disposed:false
306 silly placeDep ROOT @babel/parser@7.29.0 OK for: @types/babel__core@7.20.5 want: ^7.20.7
307 silly placeDep ROOT @babel/types@7.29.0 OK for: @types/babel__core@7.20.5 want: ^7.20.7
308 silly placeDep ROOT @types/babel__generator@7.27.0 OK for: @types/babel__core@7.20.5 want: *
309 silly placeDep ROOT @types/babel__template@7.4.4 OK for: @types/babel__core@7.20.5 want: *
310 silly placeDep ROOT @types/babel__traverse@7.28.0 OK for: @types/babel__core@7.20.5 want: *
311 silly fetch manifest @babel/types@^7.29.0
312 silly packumentCache full:https://registry.npmjs.org/@babel%2ftypes cache-miss
313 silly fetch manifest @babel/helper-string-parser@^7.27.1
314 silly packumentCache full:https://registry.npmjs.org/@babel%2fhelper-string-parser cache-miss
315 silly fetch manifest @babel/helper-validator-identifier@^7.28.5
316 silly packumentCache full:https://registry.npmjs.org/@babel%2fhelper-validator-identifier cache-miss
317 http cache https://registry.npmjs.org/@babel%2ftypes 6ms (cache hit)
318 silly packumentCache full:https://registry.npmjs.org/@babel%2ftypes set size:483793 disposed:false
319 http fetch GET 200 https://registry.npmjs.org/@babel%2fhelper-validator-identifier 45ms (cache miss)
320 silly packumentCache full:https://registry.npmjs.org/@babel%2fhelper-validator-identifier set size:undefined disposed:false
321 http fetch GET 200 https://registry.npmjs.org/@babel%2fhelper-string-parser 61ms (cache miss)
322 silly packumentCache full:https://registry.npmjs.org/@babel%2fhelper-string-parser set size:undefined disposed:false
323 silly placeDep ROOT @babel/helper-string-parser@7.27.1 OK for: @babel/types@7.29.0 want: ^7.27.1
324 silly placeDep ROOT @babel/helper-validator-identifier@7.28.5 OK for: @babel/types@7.29.0 want: ^7.28.5
325 silly placeDep ROOT @popperjs/core@2.11.8 OK for: @types/bootstrap@5.2.10 want: ^2.9.2
326 silly placeDep ROOT @types/webpack@4.41.40 OK for: @types/file-loader@5.0.4 want: ^4
327 silly fetch manifest anymatch@^3.0.0
328 silly packumentCache full:https://registry.npmjs.org/anymatch cache-miss
329 silly fetch manifest source-map@^0.6.0
330 silly packumentCache full:https://registry.npmjs.org/source-map cache-miss
331 silly fetch manifest @types/tapable@^1
332 silly packumentCache full:https://registry.npmjs.org/@types%2ftapable cache-miss
333 silly fetch manifest @types/uglify-js@*
334 silly packumentCache full:https://registry.npmjs.org/@types%2fuglify-js cache-miss
335 silly fetch manifest @types/webpack-sources@*
336 silly packumentCache full:https://registry.npmjs.org/@types%2fwebpack-sources cache-miss
337 http fetch GET 200 https://registry.npmjs.org/@types%2fuglify-js 45ms (cache miss)
338 silly packumentCache full:https://registry.npmjs.org/@types%2fuglify-js set size:undefined disposed:false
339 http fetch GET 200 https://registry.npmjs.org/source-map 67ms (cache miss)
340 silly packumentCache full:https://registry.npmjs.org/source-map set size:undefined disposed:false
341 http fetch GET 200 https://registry.npmjs.org/anymatch 69ms (cache miss)
342 silly packumentCache full:https://registry.npmjs.org/anymatch set size:undefined disposed:false
343 http fetch GET 200 https://registry.npmjs.org/@types%2ftapable 69ms (cache miss)
344 silly packumentCache full:https://registry.npmjs.org/@types%2ftapable set size:undefined disposed:false
345 http fetch GET 200 https://registry.npmjs.org/@types%2fwebpack-sources 70ms (cache miss)
346 silly packumentCache full:https://registry.npmjs.org/@types%2fwebpack-sources set size:undefined disposed:false
347 silly placeDep ROOT @types/sizzle@2.3.10 OK for: @types/jquery@3.5.33 want: *
348 silly placeDep ROOT @types/eslint@9.6.1 OK for: @types/react-dev-utils@9.0.15 want: *
349 silly placeDep ROOT @types/html-webpack-plugin@3.2.9 OK for: @types/react-dev-utils@9.0.15 want: *
350 silly placeDep ROOT @types/webpack-dev-server@3.11.6 OK for: @types/react-dev-utils@9.0.15 want: 3
351 silly fetch manifest @types/estree@*
352 silly packumentCache full:https://registry.npmjs.org/@types%2festree cache-miss
353 silly fetch manifest @types/json-schema@*
354 silly packumentCache full:https://registry.npmjs.org/@types%2fjson-schema cache-miss
355 silly fetch manifest @types/html-minifier@*
356 silly packumentCache full:https://registry.npmjs.org/@types%2fhtml-minifier cache-miss
357 silly fetch manifest @types/connect-history-api-fallback@*
358 silly packumentCache full:https://registry.npmjs.org/@types%2fconnect-history-api-fallback cache-miss
359 silly fetch manifest http-proxy-middleware@^1.0.0
360 silly packumentCache full:https://registry.npmjs.org/http-proxy-middleware cache-miss
361 http fetch GET 200 https://registry.npmjs.org/@types%2fconnect-history-api-fallback 62ms (cache miss)
362 silly packumentCache full:https://registry.npmjs.org/@types%2fconnect-history-api-fallback set size:undefined disposed:false
363 http fetch GET 200 https://registry.npmjs.org/http-proxy-middleware 62ms (cache miss)
364 silly packumentCache full:https://registry.npmjs.org/http-proxy-middleware set size:undefined disposed:false
365 http fetch GET 200 https://registry.npmjs.org/@types%2festree 93ms (cache miss)
366 silly packumentCache full:https://registry.npmjs.org/@types%2festree set size:undefined disposed:false
367 http fetch GET 200 https://registry.npmjs.org/@types%2fjson-schema 118ms (cache miss)
368 silly packumentCache full:https://registry.npmjs.org/@types%2fjson-schema set size:undefined disposed:false
369 http fetch GET 200 https://registry.npmjs.org/@types%2fhtml-minifier 635ms (cache miss)
370 silly packumentCache full:https://registry.npmjs.org/@types%2fhtml-minifier set size:undefined disposed:false
371 silly placeDep ROOT @types/estree@1.0.8 OK for: @types/eslint@9.6.1 want: *
372 silly placeDep ROOT @types/json-schema@7.0.15 OK for: @types/eslint@9.6.1 want: *
373 silly placeDep ROOT @types/html-minifier@4.0.6 OK for: @types/html-webpack-plugin@3.2.9 want: *
374 silly placeDep ROOT @types/tapable@1.0.12 OK for: @types/html-webpack-plugin@3.2.9 want: ^1
375 silly fetch manifest @types/clean-css@*
376 silly packumentCache full:https://registry.npmjs.org/@types%2fclean-css cache-miss
377 silly fetch manifest @types/relateurl@*
378 silly packumentCache full:https://registry.npmjs.org/@types%2frelateurl cache-miss
379 http fetch GET 200 https://registry.npmjs.org/@types%2fclean-css 71ms (cache miss)
380 silly packumentCache full:https://registry.npmjs.org/@types%2fclean-css set size:undefined disposed:false
381 http fetch GET 200 https://registry.npmjs.org/@types%2frelateurl 591ms (cache miss)
382 silly packumentCache full:https://registry.npmjs.org/@types%2frelateurl set size:undefined disposed:false
383 silly placeDep ROOT @types/clean-css@4.2.11 OK for: @types/html-minifier@4.0.6 want: *
384 silly placeDep ROOT @types/relateurl@0.2.33 OK for: @types/html-minifier@4.0.6 want: *
385 silly placeDep ROOT @types/uglify-js@3.17.5 OK for: @types/html-minifier@4.0.6 want: *
386 silly fetch manifest source-map@^0.6.1
387 silly packumentCache full:https://registry.npmjs.org/source-map cache-miss
388 http cache https://registry.npmjs.org/source-map 4ms (cache hit)
389 silly packumentCache full:https://registry.npmjs.org/source-map set size:226141 disposed:false
390 silly placeDep ROOT source-map@0.6.1 OK for: @types/clean-css@4.2.11 want: ^0.6.0
391 silly placeDep ROOT @types/htmlparser2@3.10.7 OK for: @types/react-html-parser@2.0.7 want: ^3.9.0
392 silly fetch manifest domhandler@^2.4.0
393 silly packumentCache full:https://registry.npmjs.org/domhandler cache-miss
394 silly fetch manifest @types/domutils@*
395 silly packumentCache full:https://registry.npmjs.org/@types%2fdomutils cache-miss
396 silly fetch manifest @types/domhandler@^2.4.3
397 silly packumentCache full:https://registry.npmjs.org/@types%2fdomhandler cache-miss
398 http fetch GET 200 https://registry.npmjs.org/domhandler 42ms (cache miss)
399 silly packumentCache full:https://registry.npmjs.org/domhandler set size:undefined disposed:false
400 http fetch GET 200 https://registry.npmjs.org/@types%2fdomhandler 621ms (cache miss)
401 silly packumentCache full:https://registry.npmjs.org/@types%2fdomhandler set size:undefined disposed:false
402 http fetch GET 200 https://registry.npmjs.org/@types%2fdomutils 622ms (cache miss)
403 silly packumentCache full:https://registry.npmjs.org/@types%2fdomutils set size:undefined disposed:false
404 silly placeDep ROOT @types/domhandler@2.4.5 OK for: @types/htmlparser2@3.10.7 want: ^2.4.3
405 silly placeDep ROOT @types/domutils@1.7.8 OK for: @types/htmlparser2@3.10.7 want: *
406 silly placeDep ROOT domhandler@2.4.2 OK for: @types/htmlparser2@3.10.7 want: ^2.4.0
407 silly fetch manifest domelementtype@1
408 silly packumentCache full:https://registry.npmjs.org/domelementtype cache-miss
409 http fetch GET 200 https://registry.npmjs.org/domelementtype 67ms (cache miss)
410 silly packumentCache full:https://registry.npmjs.org/domelementtype set size:undefined disposed:false
411 silly fetch manifest @types/react@*
412 silly packumentCache full:https://registry.npmjs.org/@types%2freact cache-miss
413 http cache https://registry.npmjs.org/@types%2freact 9ms (cache hit)
414 silly packumentCache full:https://registry.npmjs.org/@types%2freact set size:2588986 disposed:false
415 silly placeDep ROOT @types/hoist-non-react-statics@3.3.7 OK for: @types/react-redux@7.1.34 want: ^3.3.0
416 silly placeDep ROOT hoist-non-react-statics@3.3.2 OK for: @types/react-redux@7.1.34 want: ^3.3.0
417 silly placeDep ROOT redux@4.2.1 OK for: @types/react-redux@7.1.34 want: ^4.0.0
418 silly fetch manifest react-is@^16.7.0
419 silly packumentCache full:https://registry.npmjs.org/react-is cache-miss
420 silly fetch manifest @babel/runtime@^7.9.2
421 silly packumentCache full:https://registry.npmjs.org/@babel%2fruntime cache-miss
422 http fetch GET 200 https://registry.npmjs.org/@babel%2fruntime 99ms (cache miss)
423 silly packumentCache full:https://registry.npmjs.org/@babel%2fruntime set size:undefined disposed:false
424 http fetch GET 200 https://registry.npmjs.org/react-is 168ms (cache miss)
425 silly packumentCache full:https://registry.npmjs.org/react-is set size:undefined disposed:false
426 silly placeDep ROOT @types/webpack-sources@3.2.3 OK for: @types/webpack@4.41.40 want: *
427 silly placeDep ROOT anymatch@3.1.3 OK for: @types/webpack@4.41.40 want: ^3.0.0
428 silly fetch manifest source-map@^0.7.3
429 silly packumentCache full:https://registry.npmjs.org/source-map cache-hit
430 silly fetch manifest @types/source-list-map@*
431 silly packumentCache full:https://registry.npmjs.org/@types%2fsource-list-map cache-miss
432 silly fetch manifest picomatch@^2.0.4
433 silly packumentCache full:https://registry.npmjs.org/picomatch cache-miss
434 silly fetch manifest normalize-path@^3.0.0
435 silly packumentCache full:https://registry.npmjs.org/normalize-path cache-miss
436 http fetch GET 200 https://registry.npmjs.org/normalize-path 55ms (cache miss)
437 silly packumentCache full:https://registry.npmjs.org/normalize-path set size:undefined disposed:false
438 http fetch GET 200 https://registry.npmjs.org/@types%2fsource-list-map 79ms (cache miss)
439 silly packumentCache full:https://registry.npmjs.org/@types%2fsource-list-map set size:undefined disposed:false
440 http fetch GET 200 https://registry.npmjs.org/picomatch 79ms (cache miss)
441 silly packumentCache full:https://registry.npmjs.org/picomatch set size:undefined disposed:false
442 silly placeDep ROOT @types/connect-history-api-fallback@1.5.4 OK for: @types/webpack-dev-server@3.11.6 want: *
443 silly placeDep ROOT http-proxy-middleware@1.3.1 OK for: @types/webpack-dev-server@3.11.6 want: ^1.0.0
444 silly fetch manifest is-glob@^4.0.1
445 silly packumentCache full:https://registry.npmjs.org/is-glob cache-miss
446 silly fetch manifest http-proxy@^1.18.1
447 silly packumentCache full:https://registry.npmjs.org/http-proxy cache-miss
448 silly fetch manifest micromatch@^4.0.2
449 silly packumentCache full:https://registry.npmjs.org/micromatch cache-miss
450 silly fetch manifest is-plain-obj@^3.0.0
451 silly packumentCache full:https://registry.npmjs.org/is-plain-obj cache-miss
452 silly fetch manifest @types/http-proxy@^1.17.5
453 silly packumentCache full:https://registry.npmjs.org/@types%2fhttp-proxy cache-miss
454 http fetch GET 200 https://registry.npmjs.org/is-glob 43ms (cache miss)
455 silly packumentCache full:https://registry.npmjs.org/is-glob set size:undefined disposed:false
456 http fetch GET 200 https://registry.npmjs.org/http-proxy 44ms (cache miss)
457 silly packumentCache full:https://registry.npmjs.org/http-proxy set size:undefined disposed:false
458 http fetch GET 200 https://registry.npmjs.org/micromatch 66ms (cache miss)
459 silly packumentCache full:https://registry.npmjs.org/micromatch set size:undefined disposed:false
460 http fetch GET 200 https://registry.npmjs.org/is-plain-obj 67ms (cache miss)
461 silly packumentCache full:https://registry.npmjs.org/is-plain-obj set size:undefined disposed:false
462 http fetch GET 200 https://registry.npmjs.org/@types%2fhttp-proxy 68ms (cache miss)
463 silly packumentCache full:https://registry.npmjs.org/@types%2fhttp-proxy set size:undefined disposed:false
464 silly placeDep ROOT @types/source-list-map@0.1.6 OK for: @types/webpack-sources@3.2.3 want: *
465 silly placeDep node_modules/@types/webpack-sources source-map@0.7.6 OK for: @types/webpack-sources@3.2.3 want: ^0.7.3
466 silly placeDep ROOT normalize-path@3.0.0 OK for: anymatch@3.1.3 want: ^3.0.0
467 silly placeDep ROOT picomatch@2.3.1 OK for: anymatch@3.1.3 want: ^2.0.4
468 silly placeDep ROOT domelementtype@1.3.1 OK for: domhandler@2.4.2 want: 1
469 silly placeDep ROOT react-is@16.13.1 OK for: hoist-non-react-statics@3.3.2 want: ^16.7.0
470 silly placeDep ROOT @types/http-proxy@1.17.17 OK for: http-proxy-middleware@1.3.1 want: ^1.17.5
471 silly placeDep ROOT http-proxy@1.18.1 OK for: http-proxy-middleware@1.3.1 want: ^1.18.1
472 silly placeDep ROOT is-glob@4.0.3 OK for: http-proxy-middleware@1.3.1 want: ^4.0.1
473 silly placeDep ROOT is-plain-obj@3.0.0 OK for: http-proxy-middleware@1.3.1 want: ^3.0.0
474 silly placeDep ROOT micromatch@4.0.8 OK for: http-proxy-middleware@1.3.1 want: ^4.0.2
475 silly fetch manifest eventemitter3@^4.0.0
476 silly packumentCache full:https://registry.npmjs.org/eventemitter3 cache-miss
477 silly fetch manifest requires-port@^1.0.0
478 silly packumentCache full:https://registry.npmjs.org/requires-port cache-miss
479 silly fetch manifest follow-redirects@^1.0.0
480 silly packumentCache full:https://registry.npmjs.org/follow-redirects cache-miss
481 silly fetch manifest is-extglob@^2.1.1
482 silly packumentCache full:https://registry.npmjs.org/is-extglob cache-miss
483 silly fetch manifest braces@^3.0.3
484 silly packumentCache full:https://registry.npmjs.org/braces cache-miss
485 http fetch GET 200 https://registry.npmjs.org/is-extglob 39ms (cache miss)
486 silly packumentCache full:https://registry.npmjs.org/is-extglob set size:undefined disposed:false
487 http fetch GET 200 https://registry.npmjs.org/braces 39ms (cache miss)
488 silly packumentCache full:https://registry.npmjs.org/braces set size:undefined disposed:false
489 http fetch GET 200 https://registry.npmjs.org/follow-redirects 42ms (cache miss)
490 silly packumentCache full:https://registry.npmjs.org/follow-redirects set size:undefined disposed:false
491 http fetch GET 200 https://registry.npmjs.org/requires-port 55ms (cache miss)
492 silly packumentCache full:https://registry.npmjs.org/requires-port set size:undefined disposed:false
493 http fetch GET 200 https://registry.npmjs.org/eventemitter3 56ms (cache miss)
494 silly packumentCache full:https://registry.npmjs.org/eventemitter3 set size:undefined disposed:false
495 silly placeDep ROOT eventemitter3@4.0.7 OK for: http-proxy@1.18.1 want: ^4.0.0
496 silly placeDep ROOT follow-redirects@1.15.11 OK for: http-proxy@1.18.1 want: ^1.0.0
497 silly placeDep ROOT requires-port@1.0.0 OK for: http-proxy@1.18.1 want: ^1.0.0
498 silly placeDep ROOT is-extglob@2.1.1 OK for: is-glob@4.0.3 want: ^2.1.1
499 silly placeDep ROOT braces@3.0.3 OK for: micromatch@4.0.8 want: ^3.0.3
500 silly fetch manifest fill-range@^7.1.1
501 silly packumentCache full:https://registry.npmjs.org/fill-range cache-miss
502 http fetch GET 200 https://registry.npmjs.org/fill-range 40ms (cache miss)
503 silly packumentCache full:https://registry.npmjs.org/fill-range set size:undefined disposed:false
504 silly placeDep ROOT fill-range@7.1.1 OK for: braces@3.0.3 want: ^7.1.1
505 silly fetch manifest to-regex-range@^5.0.1
506 silly packumentCache full:https://registry.npmjs.org/to-regex-range cache-miss
507 http fetch GET 200 https://registry.npmjs.org/to-regex-range 58ms (cache miss)
508 silly packumentCache full:https://registry.npmjs.org/to-regex-range set size:undefined disposed:false
509 silly placeDep ROOT to-regex-range@5.0.1 OK for: fill-range@7.1.1 want: ^5.0.1
510 silly fetch manifest is-number@^7.0.0
511 silly packumentCache full:https://registry.npmjs.org/is-number cache-miss
512 http fetch GET 200 https://registry.npmjs.org/is-number 68ms (cache miss)
513 silly packumentCache full:https://registry.npmjs.org/is-number set size:undefined disposed:false
514 silly placeDep ROOT @babel/runtime@7.28.6 OK for: redux@4.2.1 want: ^7.9.2
515 silly placeDep ROOT is-number@7.0.0 OK for: to-regex-range@5.0.1 want: ^7.0.0
516 silly reify mark retired [
516 silly reify   '/Users/vijayramireddy/Library/Caches/typescript/5.9/node_modules/@types/react'
516 silly reify ]
517 silly reify moves {
517 silly reify   '/Users/vijayramireddy/Library/Caches/typescript/5.9/node_modules/@types/react': '/Users/vijayramireddy/Library/Caches/typescript/5.9/node_modules/@types/.react-X36PqdBD'
517 silly reify }
518 silly audit bulk request {
518 silly audit   '@types/bcrypt': [ '6.0.0' ],
518 silly audit   '@types/body-parser': [ '1.19.6' ],
518 silly audit   '@types/compression': [ '1.8.1' ],
518 silly audit   '@types/connect': [ '3.4.38' ],
518 silly audit   '@types/cookie-parser': [ '1.4.10' ],
518 silly audit   '@types/cors': [ '2.8.19' ],
518 silly audit   '@types/express': [ '5.0.6' ],
518 silly audit   '@types/express-serve-static-core': [ '5.1.0' ],
518 silly audit   '@types/http-errors': [ '2.0.5' ],
518 silly audit   '@types/jsonwebtoken': [ '9.0.10' ],
518 silly audit   '@types/less': [ '3.0.8' ],
518 silly audit   '@types/ms': [ '2.1.0' ],
518 silly audit   '@types/multer': [ '2.0.0' ],
518 silly audit   '@types/node': [ '24.10.1' ],
518 silly audit   '@types/qs': [ '6.14.0' ],
518 silly audit   '@types/range-parser': [ '1.2.7' ],
518 silly audit   '@types/react-dom': [ '19.2.3' ],
518 silly audit   '@types/send': [ '1.2.1' ],
518 silly audit   '@types/serve-static': [ '2.2.0' ],
518 silly audit   '@types/stylus': [ '0.48.43' ],
518 silly audit   '@types/ws': [ '8.18.1' ],
518 silly audit   csstype: [ '3.2.3' ],
518 silly audit   'types-registry': [ '0.1.756' ],
518 silly audit   'undici-types': [ '7.16.0' ],
518 silly audit   '@types/babel__core': [ '7.20.5' ],
518 silly audit   '@types/babel__preset-env': [ '7.10.0' ],
518 silly audit   '@types/bootstrap': [ '5.2.10' ],
518 silly audit   '@types/core-js': [ '2.5.8' ],
518 silly audit   '@types/crypto-js': [ '4.2.2' ],
518 silly audit   '@types/dateformat': [ '5.0.3' ],
518 silly audit   '@types/file-loader': [ '5.0.4' ],
518 silly audit   '@types/file-saver': [ '2.0.7' ],
518 silly audit   '@types/jquery': [ '3.5.33' ],
518 silly audit   '@types/mark.js': [ '8.11.12' ],
518 silly audit   '@types/npm': [ '7.19.3' ],
518 silly audit   '@types/react': [ '19.2.14' ],
518 silly audit   '@types/react-bootstrap-table-next': [ '4.0.26' ],
518 silly audit   '@types/react-bootstrap-table2-paginator': [ '2.1.6' ],
518 silly audit   '@types/react-bootstrap-table2-toolkit': [ '2.1.14' ],
518 silly audit   '@types/react-copy-to-clipboard': [ '5.0.7' ],
518 silly audit   '@types/react-dev-utils': [ '9.0.15' ],
518 silly audit   '@types/react-highlight-words': [ '0.20.1' ],
518 silly audit   '@types/react-html-parser': [ '2.0.7' ],
518 silly audit   '@types/react-modal': [ '3.16.3' ],
518 silly audit   '@types/react-outside-click-handler': [ '1.3.4' ],
518 silly audit   '@types/react-paginate': [ '7.1.4' ],
518 silly audit   '@types/react-redux': [ '7.1.34' ],
518 silly audit   '@types/react-s-alert': [ '1.4.0' ],
518 silly audit   '@types/react-slick': [ '0.23.13' ],
518 silly audit   '@types/react-transition-group': [ '4.4.12' ],
518 silly audit   '@types/slick-carousel': [ '1.6.40' ],
518 silly audit   '@types/styled-components': [ '5.1.36' ],
518 silly audit   '@babel/parser': [ '7.29.0' ],
518 silly audit   '@babel/types': [ '7.29.0' ],
518 silly audit   '@types/babel__generator': [ '7.27.0' ],
518 silly audit   '@types/babel__template': [ '7.4.4' ],
518 silly audit   '@types/babel__traverse': [ '7.28.0' ],
518 silly audit   '@babel/helper-string-parser': [ '7.27.1' ],
518 silly audit   '@babel/helper-validator-identifier': [ '7.28.5' ],
518 silly audit   '@popperjs/core': [ '2.11.8' ],
518 silly audit   '@types/webpack': [ '4.41.40' ],
518 silly audit   '@types/sizzle': [ '2.3.10' ],
518 silly audit   '@types/eslint': [ '9.6.1' ],
518 silly audit   '@types/html-webpack-plugin': [ '3.2.9' ],
518 silly audit   '@types/webpack-dev-server': [ '3.11.6' ],
518 silly audit   '@types/estree': [ '1.0.8' ],
518 silly audit   '@types/json-schema': [ '7.0.15' ],
518 silly audit   '@types/html-minifier': [ '4.0.6' ],
518 silly audit   '@types/tapable': [ '1.0.12' ],
518 silly audit   '@types/clean-css': [ '4.2.11' ],
518 silly audit   '@types/relateurl': [ '0.2.33' ],
518 silly audit   '@types/uglify-js': [ '3.17.5' ],
518 silly audit   'source-map': [ '0.6.1', '0.7.6' ],
518 silly audit   '@types/htmlparser2': [ '3.10.7' ],
518 silly audit   '@types/domhandler': [ '2.4.5' ],
518 silly audit   '@types/domutils': [ '1.7.8' ],
518 silly audit   domhandler: [ '2.4.2' ],
518 silly audit   '@types/hoist-non-react-statics': [ '3.3.7' ],
518 silly audit   'hoist-non-react-statics': [ '3.3.2' ],
518 silly audit   redux: [ '4.2.1' ],
518 silly audit   '@types/webpack-sources': [ '3.2.3' ],
518 silly audit   anymatch: [ '3.1.3' ],
518 silly audit   '@types/connect-history-api-fallback': [ '1.5.4' ],
518 silly audit   'http-proxy-middleware': [ '1.3.1' ],
518 silly audit   '@types/source-list-map': [ '0.1.6' ],
518 silly audit   'normalize-path': [ '3.0.0' ],
518 silly audit   picomatch: [ '2.3.1' ],
518 silly audit   domelementtype: [ '1.3.1' ],
518 silly audit   'react-is': [ '16.13.1' ],
518 silly audit   '@types/http-proxy': [ '1.17.17' ],
518 silly audit   'http-proxy': [ '1.18.1' ],
518 silly audit   'is-glob': [ '4.0.3' ],
518 silly audit   'is-plain-obj': [ '3.0.0' ],
518 silly audit   micromatch: [ '4.0.8' ],
518 silly audit   eventemitter3: [ '4.0.7' ],
518 silly audit   'follow-redirects': [ '1.15.11' ],
518 silly audit   'requires-port': [ '1.0.0' ],
518 silly audit   'is-extglob': [ '2.1.1' ],
518 silly audit   braces: [ '3.0.3' ],
518 silly audit   'fill-range': [ '7.1.1' ],
518 silly audit   'to-regex-range': [ '5.0.1' ],
518 silly audit   '@babel/runtime': [ '7.28.6' ],
518 silly audit   'is-number': [ '7.0.0' ]
518 silly audit }
519 http cache is-number@https://registry.npmjs.org/is-number/-/is-number-7.0.0.tgz 0ms (cache hit)
520 http cache fill-range@https://registry.npmjs.org/fill-range/-/fill-range-7.1.1.tgz 0ms (cache hit)
521 http cache to-regex-range@https://registry.npmjs.org/to-regex-range/-/to-regex-range-5.0.1.tgz 0ms (cache hit)
522 http cache braces@https://registry.npmjs.org/braces/-/braces-3.0.3.tgz 0ms (cache hit)
523 http cache is-extglob@https://registry.npmjs.org/is-extglob/-/is-extglob-2.1.1.tgz 0ms (cache hit)
524 http cache requires-port@https://registry.npmjs.org/requires-port/-/requires-port-1.0.0.tgz 0ms (cache hit)
525 http cache follow-redirects@https://registry.npmjs.org/follow-redirects/-/follow-redirects-1.15.11.tgz 0ms (cache hit)
526 http cache eventemitter3@https://registry.npmjs.org/eventemitter3/-/eventemitter3-4.0.7.tgz 0ms (cache hit)
527 http cache micromatch@https://registry.npmjs.org/micromatch/-/micromatch-4.0.8.tgz 0ms (cache hit)
528 http cache is-plain-obj@https://registry.npmjs.org/is-plain-obj/-/is-plain-obj-3.0.0.tgz 0ms (cache hit)
529 http cache is-glob@https://registry.npmjs.org/is-glob/-/is-glob-4.0.3.tgz 0ms (cache hit)
530 http cache http-proxy@https://registry.npmjs.org/http-proxy/-/http-proxy-1.18.1.tgz 0ms (cache hit)
531 http cache @types/http-proxy@https://registry.npmjs.org/@types/http-proxy/-/http-proxy-1.17.17.tgz 0ms (cache hit)
532 http cache react-is@https://registry.npmjs.org/react-is/-/react-is-16.13.1.tgz 0ms (cache hit)
533 http cache normalize-path@https://registry.npmjs.org/normalize-path/-/normalize-path-3.0.0.tgz 0ms (cache hit)
534 http cache @types/source-list-map@https://registry.npmjs.org/@types/source-list-map/-/source-list-map-0.1.6.tgz 0ms (cache hit)
535 http cache picomatch@https://registry.npmjs.org/picomatch/-/picomatch-2.3.1.tgz 0ms (cache hit)
536 http cache http-proxy-middleware@https://registry.npmjs.org/http-proxy-middleware/-/http-proxy-middleware-1.3.1.tgz 0ms (cache hit)
537 http cache anymatch@https://registry.npmjs.org/anymatch/-/anymatch-3.1.3.tgz 0ms (cache hit)
538 http cache @types/connect-history-api-fallback@https://registry.npmjs.org/@types/connect-history-api-fallback/-/connect-history-api-fallback-1.5.4.tgz 0ms (cache hit)
539 http cache @types/webpack-sources@https://registry.npmjs.org/@types/webpack-sources/-/webpack-sources-3.2.3.tgz 0ms (cache hit)
540 http cache redux@https://registry.npmjs.org/redux/-/redux-4.2.1.tgz 0ms (cache hit)
541 http cache hoist-non-react-statics@https://registry.npmjs.org/hoist-non-react-statics/-/hoist-non-react-statics-3.3.2.tgz 0ms (cache hit)
542 http cache @types/hoist-non-react-statics@https://registry.npmjs.org/@types/hoist-non-react-statics/-/hoist-non-react-statics-3.3.7.tgz 0ms (cache hit)
543 http cache domhandler@https://registry.npmjs.org/domhandler/-/domhandler-2.4.2.tgz 0ms (cache hit)
544 http cache @types/domhandler@https://registry.npmjs.org/@types/domhandler/-/domhandler-2.4.5.tgz 0ms (cache hit)
545 http cache @types/htmlparser2@https://registry.npmjs.org/@types/htmlparser2/-/htmlparser2-3.10.7.tgz 0ms (cache hit)
546 http cache @types/uglify-js@https://registry.npmjs.org/@types/uglify-js/-/uglify-js-3.17.5.tgz 0ms (cache hit)
547 http cache source-map@https://registry.npmjs.org/source-map/-/source-map-0.6.1.tgz 0ms (cache hit)
548 http cache @types/clean-css@https://registry.npmjs.org/@types/clean-css/-/clean-css-4.2.11.tgz 0ms (cache hit)
549 http cache @types/tapable@https://registry.npmjs.org/@types/tapable/-/tapable-1.0.12.tgz 0ms (cache hit)
550 http cache @types/html-minifier@https://registry.npmjs.org/@types/html-minifier/-/html-minifier-4.0.6.tgz 0ms (cache hit)
551 http cache @types/json-schema@https://registry.npmjs.org/@types/json-schema/-/json-schema-7.0.15.tgz 0ms (cache hit)
552 http cache @types/estree@https://registry.npmjs.org/@types/estree/-/estree-1.0.8.tgz 0ms (cache hit)
553 http cache @types/webpack-dev-server@https://registry.npmjs.org/@types/webpack-dev-server/-/webpack-dev-server-3.11.6.tgz 0ms (cache hit)
554 http cache @types/html-webpack-plugin@https://registry.npmjs.org/@types/html-webpack-plugin/-/html-webpack-plugin-3.2.9.tgz 0ms (cache hit)
555 http cache @types/eslint@https://registry.npmjs.org/@types/eslint/-/eslint-9.6.1.tgz 0ms (cache hit)
556 http cache @types/sizzle@https://registry.npmjs.org/@types/sizzle/-/sizzle-2.3.10.tgz 0ms (cache hit)
557 http cache @types/webpack@https://registry.npmjs.org/@types/webpack/-/webpack-4.41.40.tgz 0ms (cache hit)
558 http cache @popperjs/core@https://registry.npmjs.org/@popperjs/core/-/core-2.11.8.tgz 0ms (cache hit)
559 http cache @babel/helper-string-parser@https://registry.npmjs.org/@babel/helper-string-parser/-/helper-string-parser-7.27.1.tgz 0ms (cache hit)
560 http cache @types/babel__traverse@https://registry.npmjs.org/@types/babel__traverse/-/babel__traverse-7.28.0.tgz 0ms (cache hit)
561 http cache @types/babel__template@https://registry.npmjs.org/@types/babel__template/-/babel__template-7.4.4.tgz 0ms (cache hit)
562 http cache @types/babel__generator@https://registry.npmjs.org/@types/babel__generator/-/babel__generator-7.27.0.tgz 0ms (cache hit)
563 http cache @babel/types@https://registry.npmjs.org/@babel/types/-/types-7.29.0.tgz 0ms (cache hit)
564 http cache @babel/parser@https://registry.npmjs.org/@babel/parser/-/parser-7.29.0.tgz 0ms (cache hit)
565 http cache @types/styled-components@https://registry.npmjs.org/@types/styled-components/-/styled-components-5.1.36.tgz 0ms (cache hit)
566 http cache @types/slick-carousel@https://registry.npmjs.org/@types/slick-carousel/-/slick-carousel-1.6.40.tgz 0ms (cache hit)
567 http cache @types/react-slick@https://registry.npmjs.org/@types/react-slick/-/react-slick-0.23.13.tgz 0ms (cache hit)
568 http cache @types/react-transition-group@https://registry.npmjs.org/@types/react-transition-group/-/react-transition-group-4.4.12.tgz 0ms (cache hit)
569 http cache @types/react-s-alert@https://registry.npmjs.org/@types/react-s-alert/-/react-s-alert-1.4.0.tgz 0ms (cache hit)
570 http cache @types/react-redux@https://registry.npmjs.org/@types/react-redux/-/react-redux-7.1.34.tgz 0ms (cache hit)
571 http cache @types/react-paginate@https://registry.npmjs.org/@types/react-paginate/-/react-paginate-7.1.4.tgz 0ms (cache hit)
572 http cache @types/react-outside-click-handler@https://registry.npmjs.org/@types/react-outside-click-handler/-/react-outside-click-handler-1.3.4.tgz 0ms (cache hit)
573 http cache @types/react-modal@https://registry.npmjs.org/@types/react-modal/-/react-modal-3.16.3.tgz 0ms (cache hit)
574 http cache @types/react-html-parser@https://registry.npmjs.org/@types/react-html-parser/-/react-html-parser-2.0.7.tgz 0ms (cache hit)
575 http cache @types/react-highlight-words@https://registry.npmjs.org/@types/react-highlight-words/-/react-highlight-words-0.20.1.tgz 0ms (cache hit)
576 http cache @types/react-dev-utils@https://registry.npmjs.org/@types/react-dev-utils/-/react-dev-utils-9.0.15.tgz 0ms (cache hit)
577 http cache @types/react-copy-to-clipboard@https://registry.npmjs.org/@types/react-copy-to-clipboard/-/react-copy-to-clipboard-5.0.7.tgz 0ms (cache hit)
578 http cache @types/react-bootstrap-table2-toolkit@https://registry.npmjs.org/@types/react-bootstrap-table2-toolkit/-/react-bootstrap-table2-toolkit-2.1.14.tgz 0ms (cache hit)
579 http cache @types/react-bootstrap-table2-paginator@https://registry.npmjs.org/@types/react-bootstrap-table2-paginator/-/react-bootstrap-table2-paginator-2.1.6.tgz 0ms (cache hit)
580 http cache @types/react-bootstrap-table-next@https://registry.npmjs.org/@types/react-bootstrap-table-next/-/react-bootstrap-table-next-4.0.26.tgz 0ms (cache hit)
581 http cache @types/npm@https://registry.npmjs.org/@types/npm/-/npm-7.19.3.tgz 0ms (cache hit)
582 http cache @types/mark.js@https://registry.npmjs.org/@types/mark.js/-/mark.js-8.11.12.tgz 0ms (cache hit)
583 http cache @types/jquery@https://registry.npmjs.org/@types/jquery/-/jquery-3.5.33.tgz 0ms (cache hit)
584 http cache @types/file-saver@https://registry.npmjs.org/@types/file-saver/-/file-saver-2.0.7.tgz 0ms (cache hit)
585 http cache @types/file-loader@https://registry.npmjs.org/@types/file-loader/-/file-loader-5.0.4.tgz 0ms (cache hit)
586 http cache @types/dateformat@https://registry.npmjs.org/@types/dateformat/-/dateformat-5.0.3.tgz 0ms (cache hit)
587 http cache @types/crypto-js@https://registry.npmjs.org/@types/crypto-js/-/crypto-js-4.2.2.tgz 0ms (cache hit)
588 http cache @types/core-js@https://registry.npmjs.org/@types/core-js/-/core-js-2.5.8.tgz 0ms (cache hit)
589 http cache @types/bootstrap@https://registry.npmjs.org/@types/bootstrap/-/bootstrap-5.2.10.tgz 0ms (cache hit)
590 http cache @types/babel__preset-env@https://registry.npmjs.org/@types/babel__preset-env/-/babel__preset-env-7.10.0.tgz 0ms (cache hit)
591 http cache @types/babel__core@https://registry.npmjs.org/@types/babel__core/-/babel__core-7.20.5.tgz 0ms (cache hit)
592 http cache @types/react@https://registry.npmjs.org/@types/react/-/react-19.2.14.tgz 0ms (cache hit)
593 http cache @babel/helper-validator-identifier@https://registry.npmjs.org/@babel/helper-validator-identifier/-/helper-validator-identifier-7.28.5.tgz 0ms (cache hit)
594 http cache @types/domutils@https://registry.npmjs.org/@types/domutils/-/domutils-1.7.8.tgz 0ms (cache hit)
595 http cache @types/relateurl@https://registry.npmjs.org/@types/relateurl/-/relateurl-0.2.33.tgz 0ms (cache hit)
596 http cache @babel/runtime@https://registry.npmjs.org/@babel/runtime/-/runtime-7.28.6.tgz 0ms (cache hit)
597 http cache domelementtype@https://registry.npmjs.org/domelementtype/-/domelementtype-1.3.1.tgz 0ms (cache hit)
598 silly tarball no local data for is-number@https://registry.npmjs.org/is-number/-/is-number-7.0.0.tgz. Extracting by manifest.
599 silly tarball no local data for fill-range@https://registry.npmjs.org/fill-range/-/fill-range-7.1.1.tgz. Extracting by manifest.
600 silly tarball no local data for to-regex-range@https://registry.npmjs.org/to-regex-range/-/to-regex-range-5.0.1.tgz. Extracting by manifest.
601 silly tarball no local data for braces@https://registry.npmjs.org/braces/-/braces-3.0.3.tgz. Extracting by manifest.
602 silly tarball no local data for is-extglob@https://registry.npmjs.org/is-extglob/-/is-extglob-2.1.1.tgz. Extracting by manifest.
603 silly tarball no local data for requires-port@https://registry.npmjs.org/requires-port/-/requires-port-1.0.0.tgz. Extracting by manifest.
604 silly tarball no local data for follow-redirects@https://registry.npmjs.org/follow-redirects/-/follow-redirects-1.15.11.tgz. Extracting by manifest.
605 silly tarball no local data for eventemitter3@https://registry.npmjs.org/eventemitter3/-/eventemitter3-4.0.7.tgz. Extracting by manifest.
606 silly tarball no local data for micromatch@https://registry.npmjs.org/micromatch/-/micromatch-4.0.8.tgz. Extracting by manifest.
607 silly tarball no local data for is-plain-obj@https://registry.npmjs.org/is-plain-obj/-/is-plain-obj-3.0.0.tgz. Extracting by manifest.
608 silly tarball no local data for is-glob@https://registry.npmjs.org/is-glob/-/is-glob-4.0.3.tgz. Extracting by manifest.
609 silly tarball no local data for http-proxy@https://registry.npmjs.org/http-proxy/-/http-proxy-1.18.1.tgz. Extracting by manifest.
610 silly tarball no local data for @types/http-proxy@https://registry.npmjs.org/@types/http-proxy/-/http-proxy-1.17.17.tgz. Extracting by manifest.
611 silly tarball no local data for normalize-path@https://registry.npmjs.org/normalize-path/-/normalize-path-3.0.0.tgz. Extracting by manifest.
612 silly tarball no local data for @types/source-list-map@https://registry.npmjs.org/@types/source-list-map/-/source-list-map-0.1.6.tgz. Extracting by manifest.
613 silly tarball no local data for react-is@https://registry.npmjs.org/react-is/-/react-is-16.13.1.tgz. Extracting by manifest.
614 silly tarball no local data for picomatch@https://registry.npmjs.org/picomatch/-/picomatch-2.3.1.tgz. Extracting by manifest.
615 silly tarball no local data for anymatch@https://registry.npmjs.org/anymatch/-/anymatch-3.1.3.tgz. Extracting by manifest.
616 silly tarball no local data for @types/connect-history-api-fallback@https://registry.npmjs.org/@types/connect-history-api-fallback/-/connect-history-api-fallback-1.5.4.tgz. Extracting by manifest.
617 silly tarball no local data for http-proxy-middleware@https://registry.npmjs.org/http-proxy-middleware/-/http-proxy-middleware-1.3.1.tgz. Extracting by manifest.
618 silly tarball no local data for redux@https://registry.npmjs.org/redux/-/redux-4.2.1.tgz. Extracting by manifest.
619 silly tarball no local data for hoist-non-react-statics@https://registry.npmjs.org/hoist-non-react-statics/-/hoist-non-react-statics-3.3.2.tgz. Extracting by manifest.
620 silly tarball no local data for @types/webpack-sources@https://registry.npmjs.org/@types/webpack-sources/-/webpack-sources-3.2.3.tgz. Extracting by manifest.
621 silly tarball no local data for @types/hoist-non-react-statics@https://registry.npmjs.org/@types/hoist-non-react-statics/-/hoist-non-react-statics-3.3.7.tgz. Extracting by manifest.
622 silly tarball no local data for @types/domhandler@https://registry.npmjs.org/@types/domhandler/-/domhandler-2.4.5.tgz. Extracting by manifest.
623 silly tarball no local data for domhandler@https://registry.npmjs.org/domhandler/-/domhandler-2.4.2.tgz. Extracting by manifest.
624 silly tarball no local data for @types/uglify-js@https://registry.npmjs.org/@types/uglify-js/-/uglify-js-3.17.5.tgz. Extracting by manifest.
625 http cache source-map@https://registry.npmjs.org/source-map/-/source-map-0.7.6.tgz 0ms (cache hit)
626 silly tarball no local data for @types/htmlparser2@https://registry.npmjs.org/@types/htmlparser2/-/htmlparser2-3.10.7.tgz. Extracting by manifest.
627 silly tarball no local data for source-map@https://registry.npmjs.org/source-map/-/source-map-0.6.1.tgz. Extracting by manifest.
628 silly tarball no local data for @types/clean-css@https://registry.npmjs.org/@types/clean-css/-/clean-css-4.2.11.tgz. Extracting by manifest.
629 silly tarball no local data for @types/tapable@https://registry.npmjs.org/@types/tapable/-/tapable-1.0.12.tgz. Extracting by manifest.
630 silly tarball no local data for @types/html-minifier@https://registry.npmjs.org/@types/html-minifier/-/html-minifier-4.0.6.tgz. Extracting by manifest.
631 silly tarball no local data for @types/json-schema@https://registry.npmjs.org/@types/json-schema/-/json-schema-7.0.15.tgz. Extracting by manifest.
632 silly tarball no local data for @types/estree@https://registry.npmjs.org/@types/estree/-/estree-1.0.8.tgz. Extracting by manifest.
633 silly tarball no local data for @types/webpack-dev-server@https://registry.npmjs.org/@types/webpack-dev-server/-/webpack-dev-server-3.11.6.tgz. Extracting by manifest.
634 silly tarball no local data for @types/html-webpack-plugin@https://registry.npmjs.org/@types/html-webpack-plugin/-/html-webpack-plugin-3.2.9.tgz. Extracting by manifest.
635 silly tarball no local data for @types/eslint@https://registry.npmjs.org/@types/eslint/-/eslint-9.6.1.tgz. Extracting by manifest.
636 silly tarball no local data for @types/sizzle@https://registry.npmjs.org/@types/sizzle/-/sizzle-2.3.10.tgz. Extracting by manifest.
637 silly tarball no local data for @types/webpack@https://registry.npmjs.org/@types/webpack/-/webpack-4.41.40.tgz. Extracting by manifest.
638 silly tarball no local data for @popperjs/core@https://registry.npmjs.org/@popperjs/core/-/core-2.11.8.tgz. Extracting by manifest.
639 silly tarball no local data for @babel/helper-string-parser@https://registry.npmjs.org/@babel/helper-string-parser/-/helper-string-parser-7.27.1.tgz. Extracting by manifest.
640 silly tarball no local data for @types/babel__traverse@https://registry.npmjs.org/@types/babel__traverse/-/babel__traverse-7.28.0.tgz. Extracting by manifest.
641 silly tarball no local data for @types/babel__template@https://registry.npmjs.org/@types/babel__template/-/babel__template-7.4.4.tgz. Extracting by manifest.
642 silly tarball no local data for @types/babel__generator@https://registry.npmjs.org/@types/babel__generator/-/babel__generator-7.27.0.tgz. Extracting by manifest.
643 silly tarball no local data for @babel/types@https://registry.npmjs.org/@babel/types/-/types-7.29.0.tgz. Extracting by manifest.
644 silly tarball no local data for @babel/parser@https://registry.npmjs.org/@babel/parser/-/parser-7.29.0.tgz. Extracting by manifest.
645 silly tarball no local data for @types/styled-components@https://registry.npmjs.org/@types/styled-components/-/styled-components-5.1.36.tgz. Extracting by manifest.
646 silly tarball no local data for @types/slick-carousel@https://registry.npmjs.org/@types/slick-carousel/-/slick-carousel-1.6.40.tgz. Extracting by manifest.
647 silly tarball no local data for @types/react-slick@https://registry.npmjs.org/@types/react-slick/-/react-slick-0.23.13.tgz. Extracting by manifest.
648 silly tarball no local data for @types/react-transition-group@https://registry.npmjs.org/@types/react-transition-group/-/react-transition-group-4.4.12.tgz. Extracting by manifest.
649 silly tarball no local data for @types/react-s-alert@https://registry.npmjs.org/@types/react-s-alert/-/react-s-alert-1.4.0.tgz. Extracting by manifest.
650 silly tarball no local data for @types/react-redux@https://registry.npmjs.org/@types/react-redux/-/react-redux-7.1.34.tgz. Extracting by manifest.
651 silly tarball no local data for @types/react-paginate@https://registry.npmjs.org/@types/react-paginate/-/react-paginate-7.1.4.tgz. Extracting by manifest.
652 silly tarball no local data for @types/react-outside-click-handler@https://registry.npmjs.org/@types/react-outside-click-handler/-/react-outside-click-handler-1.3.4.tgz. Extracting by manifest.
653 silly tarball no local data for @types/react-modal@https://registry.npmjs.org/@types/react-modal/-/react-modal-3.16.3.tgz. Extracting by manifest.
654 silly tarball no local data for @types/react-html-parser@https://registry.npmjs.org/@types/react-html-parser/-/react-html-parser-2.0.7.tgz. Extracting by manifest.
655 silly tarball no local data for @types/react-highlight-words@https://registry.npmjs.org/@types/react-highlight-words/-/react-highlight-words-0.20.1.tgz. Extracting by manifest.
656 silly tarball no local data for @types/react-dev-utils@https://registry.npmjs.org/@types/react-dev-utils/-/react-dev-utils-9.0.15.tgz. Extracting by manifest.
657 silly tarball no local data for @types/react-copy-to-clipboard@https://registry.npmjs.org/@types/react-copy-to-clipboard/-/react-copy-to-clipboard-5.0.7.tgz. Extracting by manifest.
658 silly tarball no local data for @types/react-bootstrap-table2-toolkit@https://registry.npmjs.org/@types/react-bootstrap-table2-toolkit/-/react-bootstrap-table2-toolkit-2.1.14.tgz. Extracting by manifest.
659 silly tarball no local data for @types/react-bootstrap-table2-paginator@https://registry.npmjs.org/@types/react-bootstrap-table2-paginator/-/react-bootstrap-table2-paginator-2.1.6.tgz. Extracting by manifest.
660 silly tarball no local data for @types/react-bootstrap-table-next@https://registry.npmjs.org/@types/react-bootstrap-table-next/-/react-bootstrap-table-next-4.0.26.tgz. Extracting by manifest.
661 silly tarball no local data for @types/npm@https://registry.npmjs.org/@types/npm/-/npm-7.19.3.tgz. Extracting by manifest.
662 silly tarball no local data for @types/mark.js@https://registry.npmjs.org/@types/mark.js/-/mark.js-8.11.12.tgz. Extracting by manifest.
663 silly tarball no local data for @types/jquery@https://registry.npmjs.org/@types/jquery/-/jquery-3.5.33.tgz. Extracting by manifest.
664 silly tarball no local data for @types/file-saver@https://registry.npmjs.org/@types/file-saver/-/file-saver-2.0.7.tgz. Extracting by manifest.
665 silly tarball no local data for @types/file-loader@https://registry.npmjs.org/@types/file-loader/-/file-loader-5.0.4.tgz. Extracting by manifest.
666 silly tarball no local data for @types/dateformat@https://registry.npmjs.org/@types/dateformat/-/dateformat-5.0.3.tgz. Extracting by manifest.
667 silly tarball no local data for @types/crypto-js@https://registry.npmjs.org/@types/crypto-js/-/crypto-js-4.2.2.tgz. Extracting by manifest.
668 silly tarball no local data for @types/core-js@https://registry.npmjs.org/@types/core-js/-/core-js-2.5.8.tgz. Extracting by manifest.
669 silly tarball no local data for @types/bootstrap@https://registry.npmjs.org/@types/bootstrap/-/bootstrap-5.2.10.tgz. Extracting by manifest.
670 silly tarball no local data for @types/babel__preset-env@https://registry.npmjs.org/@types/babel__preset-env/-/babel__preset-env-7.10.0.tgz. Extracting by manifest.
671 silly tarball no local data for @types/babel__core@https://registry.npmjs.org/@types/babel__core/-/babel__core-7.20.5.tgz. Extracting by manifest.
672 silly tarball no local data for @types/react@https://registry.npmjs.org/@types/react/-/react-19.2.14.tgz. Extracting by manifest.
673 silly tarball no local data for @babel/helper-validator-identifier@https://registry.npmjs.org/@babel/helper-validator-identifier/-/helper-validator-identifier-7.28.5.tgz. Extracting by manifest.
674 silly tarball no local data for @types/domutils@https://registry.npmjs.org/@types/domutils/-/domutils-1.7.8.tgz. Extracting by manifest.
675 silly tarball no local data for @types/relateurl@https://registry.npmjs.org/@types/relateurl/-/relateurl-0.2.33.tgz. Extracting by manifest.
676 silly tarball no local data for @babel/runtime@https://registry.npmjs.org/@babel/runtime/-/runtime-7.28.6.tgz. Extracting by manifest.
677 silly tarball no local data for domelementtype@https://registry.npmjs.org/domelementtype/-/domelementtype-1.3.1.tgz. Extracting by manifest.
678 silly tarball no local data for source-map@https://registry.npmjs.org/source-map/-/source-map-0.7.6.tgz. Extracting by manifest.
679 http fetch GET 200 https://registry.npmjs.org/is-glob/-/is-glob-4.0.3.tgz 55ms (cache miss)
680 http fetch GET 200 https://registry.npmjs.org/fill-range/-/fill-range-7.1.1.tgz 57ms (cache miss)
681 http fetch GET 200 https://registry.npmjs.org/follow-redirects/-/follow-redirects-1.15.11.tgz 58ms (cache miss)
682 http fetch GET 200 https://registry.npmjs.org/micromatch/-/micromatch-4.0.8.tgz 58ms (cache miss)
683 http fetch GET 200 https://registry.npmjs.org/requires-port/-/requires-port-1.0.0.tgz 58ms (cache miss)
684 http fetch GET 200 https://registry.npmjs.org/is-extglob/-/is-extglob-2.1.1.tgz 58ms (cache miss)
685 http fetch GET 200 https://registry.npmjs.org/http-proxy/-/http-proxy-1.18.1.tgz 58ms (cache miss)
686 http fetch GET 200 https://registry.npmjs.org/eventemitter3/-/eventemitter3-4.0.7.tgz 67ms (cache miss)
687 http fetch GET 200 https://registry.npmjs.org/to-regex-range/-/to-regex-range-5.0.1.tgz 69ms (cache miss)
688 http fetch GET 200 https://registry.npmjs.org/braces/-/braces-3.0.3.tgz 71ms (cache miss)
689 http fetch GET 200 https://registry.npmjs.org/@types/http-proxy/-/http-proxy-1.17.17.tgz 76ms (cache miss)
690 http fetch GET 200 https://registry.npmjs.org/is-number/-/is-number-7.0.0.tgz 78ms (cache miss)
691 http fetch GET 200 https://registry.npmjs.org/normalize-path/-/normalize-path-3.0.0.tgz 89ms (cache miss)
692 http fetch GET 200 https://registry.npmjs.org/anymatch/-/anymatch-3.1.3.tgz 89ms (cache miss)
693 http fetch GET 200 https://registry.npmjs.org/is-plain-obj/-/is-plain-obj-3.0.0.tgz 89ms (cache miss)
694 http fetch GET 200 https://registry.npmjs.org/picomatch/-/picomatch-2.3.1.tgz 89ms (cache miss)
695 http fetch GET 200 https://registry.npmjs.org/react-is/-/react-is-16.13.1.tgz 99ms (cache miss)
696 http fetch GET 200 https://registry.npmjs.org/http-proxy-middleware/-/http-proxy-middleware-1.3.1.tgz 101ms (cache miss)
697 http fetch GET 200 https://registry.npmjs.org/@types/webpack-sources/-/webpack-sources-3.2.3.tgz 113ms (cache miss)
698 http fetch GET 200 https://registry.npmjs.org/@types/hoist-non-react-statics/-/hoist-non-react-statics-3.3.7.tgz 114ms (cache miss)
699 http fetch GET 200 https://registry.npmjs.org/@types/connect-history-api-fallback/-/connect-history-api-fallback-1.5.4.tgz 114ms (cache miss)
700 http fetch GET 200 https://registry.npmjs.org/redux/-/redux-4.2.1.tgz 115ms (cache miss)
701 http fetch GET 200 https://registry.npmjs.org/hoist-non-react-statics/-/hoist-non-react-statics-3.3.2.tgz 123ms (cache miss)
702 http fetch GET 200 https://registry.npmjs.org/domhandler/-/domhandler-2.4.2.tgz 122ms (cache miss)
703 http fetch GET 200 https://registry.npmjs.org/@types/clean-css/-/clean-css-4.2.11.tgz 125ms (cache miss)
704 http fetch GET 200 https://registry.npmjs.org/@types/html-minifier/-/html-minifier-4.0.6.tgz 150ms (cache miss)
705 http fetch GET 200 https://registry.npmjs.org/source-map/-/source-map-0.6.1.tgz 150ms (cache miss)
706 http fetch GET 200 https://registry.npmjs.org/@types/tapable/-/tapable-1.0.12.tgz 150ms (cache miss)
707 http fetch GET 200 https://registry.npmjs.org/@types/html-webpack-plugin/-/html-webpack-plugin-3.2.9.tgz 163ms (cache miss)
708 http fetch GET 200 https://registry.npmjs.org/@types/json-schema/-/json-schema-7.0.15.tgz 163ms (cache miss)
709 http fetch GET 200 https://registry.npmjs.org/@types/webpack/-/webpack-4.41.40.tgz 162ms (cache miss)
710 http fetch GET 200 https://registry.npmjs.org/@types/webpack-dev-server/-/webpack-dev-server-3.11.6.tgz 168ms (cache miss)
711 http fetch GET 200 https://registry.npmjs.org/@types/eslint/-/eslint-9.6.1.tgz 167ms (cache miss)
712 http fetch GET 200 https://registry.npmjs.org/@types/estree/-/estree-1.0.8.tgz 180ms (cache miss)
713 http fetch GET 200 https://registry.npmjs.org/@types/babel__traverse/-/babel__traverse-7.28.0.tgz 195ms (cache miss)
714 http fetch GET 200 https://registry.npmjs.org/@types/sizzle/-/sizzle-2.3.10.tgz 195ms (cache miss)
715 http fetch GET 200 https://registry.npmjs.org/@babel/helper-string-parser/-/helper-string-parser-7.27.1.tgz 195ms (cache miss)
716 http fetch GET 200 https://registry.npmjs.org/@types/babel__generator/-/babel__generator-7.27.0.tgz 207ms (cache miss)
717 http fetch GET 200 https://registry.npmjs.org/@types/babel__template/-/babel__template-7.4.4.tgz 251ms (cache miss)
718 http fetch GET 200 https://registry.npmjs.org/@types/styled-components/-/styled-components-5.1.36.tgz 264ms (cache miss)
719 http fetch POST 200 https://registry.npmjs.org/-/npm/v1/security/advisories/bulk 307ms
720 silly audit report {
720 silly audit report   'http-proxy-middleware': [
720 silly audit report     {
720 silly audit report       id: 1100223,
720 silly audit report       url: 'https://github.com/advisories/GHSA-c7qv-q95q-8v27',
720 silly audit report       title: 'Denial of service in http-proxy-middleware',
720 silly audit report       severity: 'high',
720 silly audit report       vulnerable_versions: '<2.0.7',
720 silly audit report       cwe: [Array],
720 silly audit report       cvss: [Object]
720 silly audit report     },
720 silly audit report     {
720 silly audit report       id: 1104105,
720 silly audit report       url: 'https://github.com/advisories/GHSA-9gqv-wp59-fq42',
720 silly audit report       title: 'http-proxy-middleware allows fixRequestBody to proceed even if bodyParser has failed',
720 silly audit report       severity: 'moderate',
720 silly audit report       vulnerable_versions: '>=1.3.0 <2.0.9',
720 silly audit report       cwe: [Array],
720 silly audit report       cvss: [Object]
720 silly audit report     },
720 silly audit report     {
720 silly audit report       id: 1104106,
720 silly audit report       url: 'https://github.com/advisories/GHSA-4www-5p9h-95mh',
720 silly audit report       title: 'http-proxy-middleware can call writeBody twice because "else if" is not used',
720 silly audit report       severity: 'moderate',
720 silly audit report       vulnerable_versions: '>=1.3.0 <2.0.8',
720 silly audit report       cwe: [Array],
720 silly audit report       cvss: [Object]
720 silly audit report     }
720 silly audit report   ]
720 silly audit report }
721 silly packumentCache corgi:https://registry.npmjs.org/http-proxy-middleware cache-miss
722 http fetch GET 200 https://registry.npmjs.org/@types/react-transition-group/-/react-transition-group-4.4.12.tgz 281ms (cache miss)
723 http fetch GET 200 https://registry.npmjs.org/@types/react-slick/-/react-slick-0.23.13.tgz 281ms (cache miss)
724 http fetch GET 200 https://registry.npmjs.org/@types/react-redux/-/react-redux-7.1.34.tgz 281ms (cache miss)
725 http fetch GET 200 https://registry.npmjs.org/@types/slick-carousel/-/slick-carousel-1.6.40.tgz 283ms (cache miss)
726 http fetch GET 200 https://registry.npmjs.org/@babel/parser/-/parser-7.29.0.tgz 285ms (cache miss)
727 http fetch GET 200 https://registry.npmjs.org/@babel/types/-/types-7.29.0.tgz 288ms (cache miss)
728 http fetch GET 200 https://registry.npmjs.org/@popperjs/core/-/core-2.11.8.tgz 295ms (cache miss)
729 http fetch GET 200 https://registry.npmjs.org/@types/react-modal/-/react-modal-3.16.3.tgz 342ms (cache miss)
730 http fetch GET 200 https://registry.npmjs.org/@types/source-list-map/-/source-list-map-0.1.6.tgz 358ms (cache miss)
731 http fetch GET 200 https://registry.npmjs.org/@types/uglify-js/-/uglify-js-3.17.5.tgz 413ms (cache miss)
732 http fetch GET 200 https://registry.npmjs.org/@types/domhandler/-/domhandler-2.4.5.tgz 413ms (cache miss)
733 http fetch GET 200 https://registry.npmjs.org/@types/htmlparser2/-/htmlparser2-3.10.7.tgz 429ms (cache miss)
734 http fetch GET 200 https://registry.npmjs.org/@types/file-saver/-/file-saver-2.0.7.tgz 475ms (cache miss)
735 http fetch GET 200 https://registry.npmjs.org/@types/jquery/-/jquery-3.5.33.tgz 476ms (cache miss)
736 http fetch GET 200 https://registry.npmjs.org/@types/react-s-alert/-/react-s-alert-1.4.0.tgz 572ms (cache miss)
737 http fetch GET 200 https://registry.npmjs.org/@types/react-paginate/-/react-paginate-7.1.4.tgz 597ms (cache miss)
738 http fetch GET 200 https://registry.npmjs.org/@types/react-outside-click-handler/-/react-outside-click-handler-1.3.4.tgz 597ms (cache miss)
739 http fetch GET 200 https://registry.npmjs.org/@types/react-highlight-words/-/react-highlight-words-0.20.1.tgz 605ms (cache miss)
740 http fetch GET 200 https://registry.npmjs.org/@types/react-bootstrap-table2-toolkit/-/react-bootstrap-table2-toolkit-2.1.14.tgz 604ms (cache miss)
741 http fetch GET 200 https://registry.npmjs.org/@types/react-dev-utils/-/react-dev-utils-9.0.15.tgz 607ms (cache miss)
742 http fetch GET 200 https://registry.npmjs.org/@types/react-html-parser/-/react-html-parser-2.0.7.tgz 608ms (cache miss)
743 http fetch GET 200 https://registry.npmjs.org/@types/react-bootstrap-table2-paginator/-/react-bootstrap-table2-paginator-2.1.6.tgz 610ms (cache miss)
744 http fetch GET 200 https://registry.npmjs.org/@types/react-bootstrap-table-next/-/react-bootstrap-table-next-4.0.26.tgz 621ms (cache miss)
745 http fetch GET 200 https://registry.npmjs.org/@types/babel__preset-env/-/babel__preset-env-7.10.0.tgz 636ms (cache miss)
746 http fetch GET 200 https://registry.npmjs.org/@types/bootstrap/-/bootstrap-5.2.10.tgz 659ms (cache miss)
747 http fetch GET 200 https://registry.npmjs.org/@types/babel__core/-/babel__core-7.20.5.tgz 660ms (cache miss)
748 http fetch GET 200 https://registry.npmjs.org/@types/relateurl/-/relateurl-0.2.33.tgz 677ms (cache miss)
749 http fetch GET 200 https://registry.npmjs.org/@babel/helper-validator-identifier/-/helper-validator-identifier-7.28.5.tgz 679ms (cache miss)
750 http fetch GET 200 https://registry.npmjs.org/@types/react/-/react-19.2.14.tgz 683ms (cache miss)
751 http fetch GET 200 https://registry.npmjs.org/@types/npm/-/npm-7.19.3.tgz 698ms (cache miss)
752 http fetch GET 200 https://registry.npmjs.org/@types/mark.js/-/mark.js-8.11.12.tgz 697ms (cache miss)
753 http fetch GET 200 https://registry.npmjs.org/domelementtype/-/domelementtype-1.3.1.tgz 695ms (cache miss)
754 http fetch GET 200 https://registry.npmjs.org/source-map/-/source-map-0.7.6.tgz 697ms (cache miss)
755 http fetch GET 200 https://registry.npmjs.org/http-proxy-middleware 435ms (cache miss)
756 silly packumentCache corgi:https://registry.npmjs.org/http-proxy-middleware set size:undefined disposed:false
757 silly packumentCache corgi:https://registry.npmjs.org/@types%2fwebpack-dev-server cache-miss
758 http fetch GET 200 https://registry.npmjs.org/@babel/runtime/-/runtime-7.28.6.tgz 722ms (cache miss)
759 http fetch GET 200 https://registry.npmjs.org/@types/file-loader/-/file-loader-5.0.4.tgz 747ms (cache miss)
760 http fetch GET 200 https://registry.npmjs.org/@types%2fwebpack-dev-server 48ms (cache miss)
761 silly packumentCache corgi:https://registry.npmjs.org/@types%2fwebpack-dev-server set size:undefined disposed:false
762 silly packumentCache corgi:https://registry.npmjs.org/@types%2freact-dev-utils cache-miss
763 http cache https://registry.npmjs.org/@types%2freact-dev-utils 1ms (cache hit)
764 silly packumentCache corgi:https://registry.npmjs.org/@types%2freact-dev-utils set size:25976 disposed:false
765 http fetch GET 200 https://registry.npmjs.org/@types/dateformat/-/dateformat-5.0.3.tgz 796ms (cache miss)
766 http fetch GET 200 https://registry.npmjs.org/@types/crypto-js/-/crypto-js-4.2.2.tgz 818ms (cache miss)
767 http fetch GET 200 https://registry.npmjs.org/@types/core-js/-/core-js-2.5.8.tgz 921ms (cache miss)
768 http fetch GET 200 https://registry.npmjs.org/@types/domutils/-/domutils-1.7.8.tgz 939ms (cache miss)
769 http fetch GET 200 https://registry.npmjs.org/@types/react-copy-to-clipboard/-/react-copy-to-clipboard-5.0.7.tgz 1132ms (cache miss)
770 silly ADD node_modules/is-number
771 silly ADD node_modules/@babel/runtime
772 silly ADD node_modules/to-regex-range
773 silly ADD node_modules/fill-range
774 silly ADD node_modules/braces
775 silly ADD node_modules/is-extglob
776 silly ADD node_modules/requires-port
777 silly ADD node_modules/follow-redirects
778 silly ADD node_modules/eventemitter3
779 silly ADD node_modules/micromatch
780 silly ADD node_modules/is-plain-obj
781 silly ADD node_modules/is-glob
782 silly ADD node_modules/http-proxy
783 silly ADD node_modules/@types/http-proxy
784 silly ADD node_modules/react-is
785 silly ADD node_modules/domelementtype
786 silly ADD node_modules/picomatch
787 silly ADD node_modules/normalize-path
788 silly ADD node_modules/@types/source-list-map
789 silly ADD node_modules/http-proxy-middleware
790 silly ADD node_modules/@types/connect-history-api-fallback
791 silly ADD node_modules/anymatch
792 silly ADD node_modules/@types/webpack-sources
793 silly ADD node_modules/@types/webpack-sources/node_modules/source-map
794 silly ADD node_modules/redux
795 silly ADD node_modules/hoist-non-react-statics
796 silly ADD node_modules/@types/hoist-non-react-statics
797 silly ADD node_modules/domhandler
798 silly ADD node_modules/@types/domutils
799 silly ADD node_modules/@types/domhandler
800 silly ADD node_modules/@types/htmlparser2
801 silly ADD node_modules/source-map
802 silly ADD node_modules/@types/uglify-js
803 silly ADD node_modules/@types/relateurl
804 silly ADD node_modules/@types/clean-css
805 silly ADD node_modules/@types/tapable
806 silly ADD node_modules/@types/html-minifier
807 silly ADD node_modules/@types/json-schema
808 silly ADD node_modules/@types/estree
809 silly ADD node_modules/@types/webpack-dev-server
810 silly ADD node_modules/@types/html-webpack-plugin
811 silly ADD node_modules/@types/eslint
812 silly ADD node_modules/@types/sizzle
813 silly ADD node_modules/@types/webpack
814 silly ADD node_modules/@popperjs/core
815 silly ADD node_modules/@babel/helper-validator-identifier
816 silly ADD node_modules/@babel/helper-string-parser
817 silly ADD node_modules/@types/babel__traverse
818 silly ADD node_modules/@types/babel__template
819 silly ADD node_modules/@types/babel__generator
820 silly ADD node_modules/@babel/types
821 silly ADD node_modules/@babel/parser
822 silly ADD node_modules/@types/styled-components
823 silly ADD node_modules/@types/slick-carousel
824 silly ADD node_modules/@types/react-transition-group
825 silly ADD node_modules/@types/react-slick
826 silly ADD node_modules/@types/react-s-alert
827 silly ADD node_modules/@types/react-redux
828 silly ADD node_modules/@types/react-paginate
829 silly ADD node_modules/@types/react-outside-click-handler
830 silly ADD node_modules/@types/react-modal
831 silly ADD node_modules/@types/react-html-parser
832 silly ADD node_modules/@types/react-highlight-words
833 silly ADD node_modules/@types/react-dev-utils
834 silly ADD node_modules/@types/react-copy-to-clipboard
835 silly ADD node_modules/@types/react-bootstrap-table2-toolkit
836 silly ADD node_modules/@types/react-bootstrap-table2-paginator
837 silly ADD node_modules/@types/react-bootstrap-table-next
838 silly ADD node_modules/@types/npm
839 silly ADD node_modules/@types/mark.js
840 silly ADD node_modules/@types/jquery
841 silly ADD node_modules/@types/file-saver
842 silly ADD node_modules/@types/file-loader
843 silly ADD node_modules/@types/dateformat
844 silly ADD node_modules/@types/crypto-js
845 silly ADD node_modules/@types/core-js
846 silly ADD node_modules/@types/bootstrap
847 silly ADD node_modules/@types/babel__preset-env
848 silly ADD node_modules/@types/babel__core
849 silly CHANGE node_modules/@types/react
850 verbose cwd /Users/vijayramireddy/Library/Caches/typescript/5.9
851 verbose os Darwin 24.3.0
852 verbose node v22.17.1
853 verbose npm  v10.9.2
854 verbose exit 0
855 info ok
