0 verbose cli /usr/local/bin/node /usr/local/bin/npm
1 info using npm@10.9.2
2 info using node@v22.17.1
3 silly config load:file:/usr/local/lib/node_modules/npm/npmrc
4 silly config load:file:/Users/vijayramireddy/Library/Caches/typescript/5.9/.npmrc
5 silly config load:file:/Users/vijayramireddy/.npmrc
6 silly config load:file:/usr/local/etc/npmrc
7 verbose title npm install types-registry@latest
8 verbose argv "install" "--ignore-scripts" "types-registry@latest"
9 verbose logfile logs-max:10 dir:/Users/vijayramireddy/Downloads/mohan/.npm-cache/_logs/2026-02-13T06_56_30_915Z-
10 verbose logfile /Users/vijayramireddy/Downloads/mohan/.npm-cache/_logs/2026-02-13T06_56_30_915Z-debug-0.log
11 silly logfile done cleaning log files
12 silly packumentCache heap:4345298944 maxSize:1086324736 maxEntrySize:543162368
13 silly packumentCache corgi:https://registry.npmjs.org/types-registry cache-miss
14 verbose shrinkwrap failed to load node_modules/.package-lock.json out of date, updated: node_modules/@types
15 http fetch GET 200 https://registry.npmjs.org/npm 139ms
16 http fetch GET 200 https://registry.npmjs.org/types-registry 127ms (cache miss)
17 silly packumentCache corgi:https://registry.npmjs.org/types-registry set size:undefined disposed:false
18 silly idealTree buildDeps
19 silly fetch manifest types-registry@0.1.756
20 silly packumentCache full:https://registry.npmjs.org/types-registry cache-miss
21 http fetch GET 200 https://registry.npmjs.org/types-registry 71ms (cache miss)
22 silly packumentCache full:https://registry.npmjs.org/types-registry set size:undefined disposed:false
23 silly placeDep ROOT types-registry@0.1.756 REPLACE for:  want: 0.1.756
24 silly reify moves {}
25 silly audit bulk request {
25 silly audit   '@types/bcrypt': [ '6.0.0' ],
25 silly audit   '@types/body-parser': [ '1.19.6' ],
25 silly audit   '@types/compression': [ '1.8.1' ],
25 silly audit   '@types/connect': [ '3.4.38' ],
25 silly audit   '@types/cookie-parser': [ '1.4.10' ],
25 silly audit   '@types/cors': [ '2.8.19' ],
25 silly audit   '@types/express': [ '5.0.6' ],
25 silly audit   '@types/express-serve-static-core': [ '5.1.0' ],
25 silly audit   '@types/http-errors': [ '2.0.5' ],
25 silly audit   '@types/jsonwebtoken': [ '9.0.10' ],
25 silly audit   '@types/less': [ '3.0.8' ],
25 silly audit   '@types/ms': [ '2.1.0' ],
25 silly audit   '@types/multer': [ '2.0.0' ],
25 silly audit   '@types/node': [ '24.10.1' ],
25 silly audit   '@types/qs': [ '6.14.0' ],
25 silly audit   '@types/range-parser': [ '1.2.7' ],
25 silly audit   '@types/react': [ '19.2.7' ],
25 silly audit   '@types/react-dom': [ '19.2.3' ],
25 silly audit   '@types/send': [ '1.2.1' ],
25 silly audit   '@types/serve-static': [ '2.2.0' ],
25 silly audit   '@types/stylus': [ '0.48.43' ],
25 silly audit   '@types/ws': [ '8.18.1' ],
25 silly audit   csstype: [ '3.2.3' ],
25 silly audit   'undici-types': [ '7.16.0' ],
25 silly audit   'types-registry': [ '0.1.756' ]
25 silly audit }
26 http fetch POST 200 https://registry.npmjs.org/-/npm/v1/security/advisories/bulk 265ms
27 silly audit report {}
28 verbose cwd /Users/vijayramireddy/Library/Caches/typescript/5.9
29 verbose os Darwin 24.3.0
30 verbose node v22.17.1
31 verbose npm  v10.9.2
32 notice
32 notice New major version of npm available! 10.9.2 -> 11.10.0
32 notice Changelog: https://github.com/npm/cli/releases/tag/v11.10.0
32 notice To update run: npm install -g npm@11.10.0
32 notice  { force: true, [Symbol(proc-log.meta)]: true }
33 verbose exit 0
34 info ok
